The system is: Linux - 4.19.75-v7+ - armv7l
Compiling the CXX compiler identification source file "CMakeCXXCompilerId.cpp" succeeded.
Compiler: /usr/bin/c++ 
Build flags: 
Id flags:  

The output was:
0


Compilation of the CXX compiler identification source "CMakeCXXCompilerId.cpp" produced "a.out"

The CXX compiler identification is GNU, found in "/home/pi/opencv/opencv-4.1.2/build/CMakeFiles/3.13.4/CompilerIdCXX/a.out"

Compiling the C compiler identification source file "CMakeCCompilerId.c" succeeded.
Compiler: /usr/bin/cc 
Build flags: 
Id flags:  

The output was:
0


Compilation of the C compiler identification source "CMakeCCompilerId.c" produced "a.out"

The C compiler identification is GNU, found in "/home/pi/opencv/opencv-4.1.2/build/CMakeFiles/3.13.4/CompilerIdC/a.out"

Determining if the CXX compiler works passed with the following output:
Change Dir: /home/pi/opencv/opencv-4.1.2/build/CMakeFiles/CMakeTmp

Run Build Command:"/usr/bin/make" "cmTC_02366/fast"
/usr/bin/make -f CMakeFiles/cmTC_02366.dir/build.make CMakeFiles/cmTC_02366.dir/build
make[1]: 디렉터리 '/home/pi/opencv/opencv-4.1.2/build/CMakeFiles/CMakeTmp' 들어감
Building CXX object CMakeFiles/cmTC_02366.dir/testCXXCompiler.cxx.o
/usr/bin/c++    -fPIE   -o CMakeFiles/cmTC_02366.dir/testCXXCompiler.cxx.o -c /home/pi/opencv/opencv-4.1.2/build/CMakeFiles/CMakeTmp/testCXXCompiler.cxx
Linking CXX executable cmTC_02366
/usr/bin/cmake -E cmake_link_script CMakeFiles/cmTC_02366.dir/link.txt --verbose=1
/usr/bin/c++       CMakeFiles/cmTC_02366.dir/testCXXCompiler.cxx.o  -o cmTC_02366 
make[1]: 디렉터리 '/home/pi/opencv/opencv-4.1.2/build/CMakeFiles/CMakeTmp' 나감


Detecting CXX compiler ABI info compiled with the following output:
Change Dir: /home/pi/opencv/opencv-4.1.2/build/CMakeFiles/CMakeTmp

Run Build Command:"/usr/bin/make" "cmTC_a4cf5/fast"
/usr/bin/make -f CMakeFiles/cmTC_a4cf5.dir/build.make CMakeFiles/cmTC_a4cf5.dir/build
make[1]: 디렉터리 '/home/pi/opencv/opencv-4.1.2/build/CMakeFiles/CMakeTmp' 들어감
Building CXX object CMakeFiles/cmTC_a4cf5.dir/CMakeCXXCompilerABI.cpp.o
/usr/bin/c++    -fPIE   -o CMakeFiles/cmTC_a4cf5.dir/CMakeCXXCompilerABI.cpp.o -c /usr/share/cmake-3.13/Modules/CMakeCXXCompilerABI.cpp
Linking CXX executable cmTC_a4cf5
/usr/bin/cmake -E cmake_link_script CMakeFiles/cmTC_a4cf5.dir/link.txt --verbose=1
/usr/bin/c++      -v CMakeFiles/cmTC_a4cf5.dir/CMakeCXXCompilerABI.cpp.o  -o cmTC_a4cf5 
Using built-in specs.
COLLECT_GCC=/usr/bin/c++
COLLECT_LTO_WRAPPER=/usr/lib/gcc/arm-linux-gnueabihf/8/lto-wrapper
Target: arm-linux-gnueabihf
Configured with: ../src/configure -v --with-pkgversion='Raspbian 8.3.0-6+rpi1' --with-bugurl=file:///usr/share/doc/gcc-8/README.Bugs --enable-languages=c,ada,c++,go,d,fortran,objc,obj-c++ --prefix=/usr --with-gcc-major-version-only --program-suffix=-8 --program-prefix=arm-linux-gnueabihf- --enable-shared --enable-linker-build-id --libexecdir=/usr/lib --without-included-gettext --enable-threads=posix --libdir=/usr/lib --enable-nls --enable-bootstrap --enable-clocale=gnu --enable-libstdcxx-debug --enable-libstdcxx-time=yes --with-default-libstdcxx-abi=new --enable-gnu-unique-object --disable-libitm --disable-libquadmath --disable-libquadmath-support --enable-plugin --with-system-zlib --with-target-system-zlib --enable-objc-gc=auto --enable-multiarch --disable-sjlj-exceptions --with-arch=armv6 --with-fpu=vfp --with-float=hard --disable-werror --enable-checking=release --build=arm-linux-gnueabihf --host=arm-linux-gnueabihf --target=arm-linux-gnueabihf
Thread model: posix
gcc version 8.3.0 (Raspbian 8.3.0-6+rpi1) 
COMPILER_PATH=/usr/lib/gcc/arm-linux-gnueabihf/8/:/usr/lib/gcc/arm-linux-gnueabihf/8/:/usr/lib/gcc/arm-linux-gnueabihf/:/usr/lib/gcc/arm-linux-gnueabihf/8/:/usr/lib/gcc/arm-linux-gnueabihf/
LIBRARY_PATH=/usr/lib/gcc/arm-linux-gnueabihf/8/:/usr/lib/gcc/arm-linux-gnueabihf/8/../../../arm-linux-gnueabihf/:/usr/lib/gcc/arm-linux-gnueabihf/8/../../../:/lib/arm-linux-gnueabihf/:/lib/:/usr/lib/arm-linux-gnueabihf/:/usr/lib/
COLLECT_GCC_OPTIONS='-v' '-o' 'cmTC_a4cf5' '-shared-libgcc'  '-mfloat-abi=hard' '-mfpu=vfp' '-mtls-dialect=gnu' '-marm' '-march=armv6+fp'
 /usr/lib/gcc/arm-linux-gnueabihf/8/collect2 -plugin /usr/lib/gcc/arm-linux-gnueabihf/8/liblto_plugin.so -plugin-opt=/usr/lib/gcc/arm-linux-gnueabihf/8/lto-wrapper -plugin-opt=-fresolution=/tmp/cccuSim5.res -plugin-opt=-pass-through=-lgcc_s -plugin-opt=-pass-through=-lgcc -plugin-opt=-pass-through=-lc -plugin-opt=-pass-through=-lgcc_s -plugin-opt=-pass-through=-lgcc --build-id --eh-frame-hdr -dynamic-linker /lib/ld-linux-armhf.so.3 -X --hash-style=gnu -m armelf_linux_eabi -o cmTC_a4cf5 /usr/lib/gcc/arm-linux-gnueabihf/8/../../../arm-linux-gnueabihf/crt1.o /usr/lib/gcc/arm-linux-gnueabihf/8/../../../arm-linux-gnueabihf/crti.o /usr/lib/gcc/arm-linux-gnueabihf/8/crtbegin.o -L/usr/lib/gcc/arm-linux-gnueabihf/8 -L/usr/lib/gcc/arm-linux-gnueabihf/8/../../../arm-linux-gnueabihf -L/usr/lib/gcc/arm-linux-gnueabihf/8/../../.. -L/lib/arm-linux-gnueabihf -L/usr/lib/arm-linux-gnueabihf CMakeFiles/cmTC_a4cf5.dir/CMakeCXXCompilerABI.cpp.o -lstdc++ -lm -lgcc_s -lgcc -lc -lgcc_s -lgcc /usr/lib/gcc/arm-linux-gnueabihf/8/crtend.o /usr/lib/gcc/arm-linux-gnueabihf/8/../../../arm-linux-gnueabihf/crtn.o
COLLECT_GCC_OPTIONS='-v' '-o' 'cmTC_a4cf5' '-shared-libgcc'  '-mfloat-abi=hard' '-mfpu=vfp' '-mtls-dialect=gnu' '-marm' '-march=armv6+fp'
make[1]: 디렉터리 '/home/pi/opencv/opencv-4.1.2/build/CMakeFiles/CMakeTmp' 나감


Parsed CXX implicit link information from above output:
  link line regex: [^( *|.*[/\])(ld|CMAKE_LINK_STARTFILE-NOTFOUND|([^/\]+-)?ld|collect2)[^/\]*( |$)]
  ignore line: [Change Dir: /home/pi/opencv/opencv-4.1.2/build/CMakeFiles/CMakeTmp]
  ignore line: []
  ignore line: [Run Build Command:"/usr/bin/make" "cmTC_a4cf5/fast"]
  ignore line: [/usr/bin/make -f CMakeFiles/cmTC_a4cf5.dir/build.make CMakeFiles/cmTC_a4cf5.dir/build]
  ignore line: [make[1]: 디렉터리 '/home/pi/opencv/opencv-4.1.2/build/CMakeFiles/CMakeTmp' 들어감]
  ignore line: [Building CXX object CMakeFiles/cmTC_a4cf5.dir/CMakeCXXCompilerABI.cpp.o]
  ignore line: [/usr/bin/c++    -fPIE   -o CMakeFiles/cmTC_a4cf5.dir/CMakeCXXCompilerABI.cpp.o -c /usr/share/cmake-3.13/Modules/CMakeCXXCompilerABI.cpp]
  ignore line: [Linking CXX executable cmTC_a4cf5]
  ignore line: [/usr/bin/cmake -E cmake_link_script CMakeFiles/cmTC_a4cf5.dir/link.txt --verbose=1]
  ignore line: [/usr/bin/c++      -v CMakeFiles/cmTC_a4cf5.dir/CMakeCXXCompilerABI.cpp.o  -o cmTC_a4cf5 ]
  ignore line: [Using built-in specs.]
  ignore line: [COLLECT_GCC=/usr/bin/c++]
  ignore line: [COLLECT_LTO_WRAPPER=/usr/lib/gcc/arm-linux-gnueabihf/8/lto-wrapper]
  ignore line: [Target: arm-linux-gnueabihf]
  ignore line: [Configured with: ../src/configure -v --with-pkgversion='Raspbian 8.3.0-6+rpi1' --with-bugurl=file:///usr/share/doc/gcc-8/README.Bugs --enable-languages=c,ada,c++,go,d,fortran,objc,obj-c++ --prefix=/usr --with-gcc-major-version-only --program-suffix=-8 --program-prefix=arm-linux-gnueabihf- --enable-shared --enable-linker-build-id --libexecdir=/usr/lib --without-included-gettext --enable-threads=posix --libdir=/usr/lib --enable-nls --enable-bootstrap --enable-clocale=gnu --enable-libstdcxx-debug --enable-libstdcxx-time=yes --with-default-libstdcxx-abi=new --enable-gnu-unique-object --disable-libitm --disable-libquadmath --disable-libquadmath-support --enable-plugin --with-system-zlib --with-target-system-zlib --enable-objc-gc=auto --enable-multiarch --disable-sjlj-exceptions --with-arch=armv6 --with-fpu=vfp --with-float=hard --disable-werror --enable-checking=release --build=arm-linux-gnueabihf --host=arm-linux-gnueabihf --target=arm-linux-gnueabihf]
  ignore line: [Thread model: posix]
  ignore line: [gcc version 8.3.0 (Raspbian 8.3.0-6+rpi1) ]
  ignore line: [COMPILER_PATH=/usr/lib/gcc/arm-linux-gnueabihf/8/:/usr/lib/gcc/arm-linux-gnueabihf/8/:/usr/lib/gcc/arm-linux-gnueabihf/:/usr/lib/gcc/arm-linux-gnueabihf/8/:/usr/lib/gcc/arm-linux-gnueabihf/]
  ignore line: [LIBRARY_PATH=/usr/lib/gcc/arm-linux-gnueabihf/8/:/usr/lib/gcc/arm-linux-gnueabihf/8/../../../arm-linux-gnueabihf/:/usr/lib/gcc/arm-linux-gnueabihf/8/../../../:/lib/arm-linux-gnueabihf/:/lib/:/usr/lib/arm-linux-gnueabihf/:/usr/lib/]
  ignore line: [COLLECT_GCC_OPTIONS='-v' '-o' 'cmTC_a4cf5' '-shared-libgcc'  '-mfloat-abi=hard' '-mfpu=vfp' '-mtls-dialect=gnu' '-marm' '-march=armv6+fp']
  link line: [ /usr/lib/gcc/arm-linux-gnueabihf/8/collect2 -plugin /usr/lib/gcc/arm-linux-gnueabihf/8/liblto_plugin.so -plugin-opt=/usr/lib/gcc/arm-linux-gnueabihf/8/lto-wrapper -plugin-opt=-fresolution=/tmp/cccuSim5.res -plugin-opt=-pass-through=-lgcc_s -plugin-opt=-pass-through=-lgcc -plugin-opt=-pass-through=-lc -plugin-opt=-pass-through=-lgcc_s -plugin-opt=-pass-through=-lgcc --build-id --eh-frame-hdr -dynamic-linker /lib/ld-linux-armhf.so.3 -X --hash-style=gnu -m armelf_linux_eabi -o cmTC_a4cf5 /usr/lib/gcc/arm-linux-gnueabihf/8/../../../arm-linux-gnueabihf/crt1.o /usr/lib/gcc/arm-linux-gnueabihf/8/../../../arm-linux-gnueabihf/crti.o /usr/lib/gcc/arm-linux-gnueabihf/8/crtbegin.o -L/usr/lib/gcc/arm-linux-gnueabihf/8 -L/usr/lib/gcc/arm-linux-gnueabihf/8/../../../arm-linux-gnueabihf -L/usr/lib/gcc/arm-linux-gnueabihf/8/../../.. -L/lib/arm-linux-gnueabihf -L/usr/lib/arm-linux-gnueabihf CMakeFiles/cmTC_a4cf5.dir/CMakeCXXCompilerABI.cpp.o -lstdc++ -lm -lgcc_s -lgcc -lc -lgcc_s -lgcc /usr/lib/gcc/arm-linux-gnueabihf/8/crtend.o /usr/lib/gcc/arm-linux-gnueabihf/8/../../../arm-linux-gnueabihf/crtn.o]
    arg [/usr/lib/gcc/arm-linux-gnueabihf/8/collect2] ==> ignore
    arg [-plugin] ==> ignore
    arg [/usr/lib/gcc/arm-linux-gnueabihf/8/liblto_plugin.so] ==> ignore
    arg [-plugin-opt=/usr/lib/gcc/arm-linux-gnueabihf/8/lto-wrapper] ==> ignore
    arg [-plugin-opt=-fresolution=/tmp/cccuSim5.res] ==> ignore
    arg [-plugin-opt=-pass-through=-lgcc_s] ==> ignore
    arg [-plugin-opt=-pass-through=-lgcc] ==> ignore
    arg [-plugin-opt=-pass-through=-lc] ==> ignore
    arg [-plugin-opt=-pass-through=-lgcc_s] ==> ignore
    arg [-plugin-opt=-pass-through=-lgcc] ==> ignore
    arg [--build-id] ==> ignore
    arg [--eh-frame-hdr] ==> ignore
    arg [-dynamic-linker] ==> ignore
    arg [/lib/ld-linux-armhf.so.3] ==> ignore
    arg [-X] ==> ignore
    arg [--hash-style=gnu] ==> ignore
    arg [-m] ==> ignore
    arg [armelf_linux_eabi] ==> ignore
    arg [-o] ==> ignore
    arg [cmTC_a4cf5] ==> ignore
    arg [/usr/lib/gcc/arm-linux-gnueabihf/8/../../../arm-linux-gnueabihf/crt1.o] ==> ignore
    arg [/usr/lib/gcc/arm-linux-gnueabihf/8/../../../arm-linux-gnueabihf/crti.o] ==> ignore
    arg [/usr/lib/gcc/arm-linux-gnueabihf/8/crtbegin.o] ==> ignore
    arg [-L/usr/lib/gcc/arm-linux-gnueabihf/8] ==> dir [/usr/lib/gcc/arm-linux-gnueabihf/8]
    arg [-L/usr/lib/gcc/arm-linux-gnueabihf/8/../../../arm-linux-gnueabihf] ==> dir [/usr/lib/gcc/arm-linux-gnueabihf/8/../../../arm-linux-gnueabihf]
    arg [-L/usr/lib/gcc/arm-linux-gnueabihf/8/../../..] ==> dir [/usr/lib/gcc/arm-linux-gnueabihf/8/../../..]
    arg [-L/lib/arm-linux-gnueabihf] ==> dir [/lib/arm-linux-gnueabihf]
    arg [-L/usr/lib/arm-linux-gnueabihf] ==> dir [/usr/lib/arm-linux-gnueabihf]
    arg [CMakeFiles/cmTC_a4cf5.dir/CMakeCXXCompilerABI.cpp.o] ==> ignore
    arg [-lstdc++] ==> lib [stdc++]
    arg [-lm] ==> lib [m]
    arg [-lgcc_s] ==> lib [gcc_s]
    arg [-lgcc] ==> lib [gcc]
    arg [-lc] ==> lib [c]
    arg [-lgcc_s] ==> lib [gcc_s]
    arg [-lgcc] ==> lib [gcc]
    arg [/usr/lib/gcc/arm-linux-gnueabihf/8/crtend.o] ==> ignore
    arg [/usr/lib/gcc/arm-linux-gnueabihf/8/../../../arm-linux-gnueabihf/crtn.o] ==> ignore
  collapse library dir [/usr/lib/gcc/arm-linux-gnueabihf/8] ==> [/usr/lib/gcc/arm-linux-gnueabihf/8]
  collapse library dir [/usr/lib/gcc/arm-linux-gnueabihf/8/../../../arm-linux-gnueabihf] ==> [/usr/lib/arm-linux-gnueabihf]
  collapse library dir [/usr/lib/gcc/arm-linux-gnueabihf/8/../../..] ==> [/usr/lib]
  collapse library dir [/lib/arm-linux-gnueabihf] ==> [/lib/arm-linux-gnueabihf]
  collapse library dir [/usr/lib/arm-linux-gnueabihf] ==> [/usr/lib/arm-linux-gnueabihf]
  implicit libs: [stdc++;m;gcc_s;gcc;c;gcc_s;gcc]
  implicit dirs: [/usr/lib/gcc/arm-linux-gnueabihf/8;/usr/lib/arm-linux-gnueabihf;/usr/lib;/lib/arm-linux-gnueabihf]
  implicit fwks: []




Detecting CXX [-std=c++2a] compiler features compiled with the following output:
Change Dir: /home/pi/opencv/opencv-4.1.2/build/CMakeFiles/CMakeTmp

Run Build Command:"/usr/bin/make" "cmTC_d8b7d/fast"
/usr/bin/make -f CMakeFiles/cmTC_d8b7d.dir/build.make CMakeFiles/cmTC_d8b7d.dir/build
make[1]: 디렉터리 '/home/pi/opencv/opencv-4.1.2/build/CMakeFiles/CMakeTmp' 들어감
Building CXX object CMakeFiles/cmTC_d8b7d.dir/feature_tests.cxx.o
/usr/bin/c++    -fPIE   -std=c++2a -o CMakeFiles/cmTC_d8b7d.dir/feature_tests.cxx.o -c /home/pi/opencv/opencv-4.1.2/build/CMakeFiles/feature_tests.cxx
Linking CXX executable cmTC_d8b7d
/usr/bin/cmake -E cmake_link_script CMakeFiles/cmTC_d8b7d.dir/link.txt --verbose=1
/usr/bin/c++       CMakeFiles/cmTC_d8b7d.dir/feature_tests.cxx.o  -o cmTC_d8b7d 
make[1]: 디렉터리 '/home/pi/opencv/opencv-4.1.2/build/CMakeFiles/CMakeTmp' 나감


    Feature record: CXX_FEATURE:1cxx_aggregate_default_initializers
    Feature record: CXX_FEATURE:1cxx_alias_templates
    Feature record: CXX_FEATURE:1cxx_alignas
    Feature record: CXX_FEATURE:1cxx_alignof
    Feature record: CXX_FEATURE:1cxx_attributes
    Feature record: CXX_FEATURE:1cxx_attribute_deprecated
    Feature record: CXX_FEATURE:1cxx_auto_type
    Feature record: CXX_FEATURE:1cxx_binary_literals
    Feature record: CXX_FEATURE:1cxx_constexpr
    Feature record: CXX_FEATURE:1cxx_contextual_conversions
    Feature record: CXX_FEATURE:1cxx_decltype
    Feature record: CXX_FEATURE:1cxx_decltype_auto
    Feature record: CXX_FEATURE:1cxx_decltype_incomplete_return_types
    Feature record: CXX_FEATURE:1cxx_default_function_template_args
    Feature record: CXX_FEATURE:1cxx_defaulted_functions
    Feature record: CXX_FEATURE:1cxx_defaulted_move_initializers
    Feature record: CXX_FEATURE:1cxx_delegating_constructors
    Feature record: CXX_FEATURE:1cxx_deleted_functions
    Feature record: CXX_FEATURE:1cxx_digit_separators
    Feature record: CXX_FEATURE:1cxx_enum_forward_declarations
    Feature record: CXX_FEATURE:1cxx_explicit_conversions
    Feature record: CXX_FEATURE:1cxx_extended_friend_declarations
    Feature record: CXX_FEATURE:1cxx_extern_templates
    Feature record: CXX_FEATURE:1cxx_final
    Feature record: CXX_FEATURE:1cxx_func_identifier
    Feature record: CXX_FEATURE:1cxx_generalized_initializers
    Feature record: CXX_FEATURE:1cxx_generic_lambdas
    Feature record: CXX_FEATURE:1cxx_inheriting_constructors
    Feature record: CXX_FEATURE:1cxx_inline_namespaces
    Feature record: CXX_FEATURE:1cxx_lambdas
    Feature record: CXX_FEATURE:1cxx_lambda_init_captures
    Feature record: CXX_FEATURE:1cxx_local_type_template_args
    Feature record: CXX_FEATURE:1cxx_long_long_type
    Feature record: CXX_FEATURE:1cxx_noexcept
    Feature record: CXX_FEATURE:1cxx_nonstatic_member_init
    Feature record: CXX_FEATURE:1cxx_nullptr
    Feature record: CXX_FEATURE:1cxx_override
    Feature record: CXX_FEATURE:1cxx_range_for
    Feature record: CXX_FEATURE:1cxx_raw_string_literals
    Feature record: CXX_FEATURE:1cxx_reference_qualified_functions
    Feature record: CXX_FEATURE:1cxx_relaxed_constexpr
    Feature record: CXX_FEATURE:1cxx_return_type_deduction
    Feature record: CXX_FEATURE:1cxx_right_angle_brackets
    Feature record: CXX_FEATURE:1cxx_rvalue_references
    Feature record: CXX_FEATURE:1cxx_sizeof_member
    Feature record: CXX_FEATURE:1cxx_static_assert
    Feature record: CXX_FEATURE:1cxx_strong_enums
    Feature record: CXX_FEATURE:1cxx_template_template_parameters
    Feature record: CXX_FEATURE:1cxx_thread_local
    Feature record: CXX_FEATURE:1cxx_trailing_return_types
    Feature record: CXX_FEATURE:1cxx_unicode_literals
    Feature record: CXX_FEATURE:1cxx_uniform_initialization
    Feature record: CXX_FEATURE:1cxx_unrestricted_unions
    Feature record: CXX_FEATURE:1cxx_user_literals
    Feature record: CXX_FEATURE:1cxx_variable_templates
    Feature record: CXX_FEATURE:1cxx_variadic_macros
    Feature record: CXX_FEATURE:1cxx_variadic_templates


Detecting CXX [-std=c++17] compiler features compiled with the following output:
Change Dir: /home/pi/opencv/opencv-4.1.2/build/CMakeFiles/CMakeTmp

Run Build Command:"/usr/bin/make" "cmTC_a38d4/fast"
/usr/bin/make -f CMakeFiles/cmTC_a38d4.dir/build.make CMakeFiles/cmTC_a38d4.dir/build
make[1]: 디렉터리 '/home/pi/opencv/opencv-4.1.2/build/CMakeFiles/CMakeTmp' 들어감
Building CXX object CMakeFiles/cmTC_a38d4.dir/feature_tests.cxx.o
/usr/bin/c++    -fPIE   -std=c++17 -o CMakeFiles/cmTC_a38d4.dir/feature_tests.cxx.o -c /home/pi/opencv/opencv-4.1.2/build/CMakeFiles/feature_tests.cxx
Linking CXX executable cmTC_a38d4
/usr/bin/cmake -E cmake_link_script CMakeFiles/cmTC_a38d4.dir/link.txt --verbose=1
/usr/bin/c++       CMakeFiles/cmTC_a38d4.dir/feature_tests.cxx.o  -o cmTC_a38d4 
make[1]: 디렉터리 '/home/pi/opencv/opencv-4.1.2/build/CMakeFiles/CMakeTmp' 나감


    Feature record: CXX_FEATURE:1cxx_aggregate_default_initializers
    Feature record: CXX_FEATURE:1cxx_alias_templates
    Feature record: CXX_FEATURE:1cxx_alignas
    Feature record: CXX_FEATURE:1cxx_alignof
    Feature record: CXX_FEATURE:1cxx_attributes
    Feature record: CXX_FEATURE:1cxx_attribute_deprecated
    Feature record: CXX_FEATURE:1cxx_auto_type
    Feature record: CXX_FEATURE:1cxx_binary_literals
    Feature record: CXX_FEATURE:1cxx_constexpr
    Feature record: CXX_FEATURE:1cxx_contextual_conversions
    Feature record: CXX_FEATURE:1cxx_decltype
    Feature record: CXX_FEATURE:1cxx_decltype_auto
    Feature record: CXX_FEATURE:1cxx_decltype_incomplete_return_types
    Feature record: CXX_FEATURE:1cxx_default_function_template_args
    Feature record: CXX_FEATURE:1cxx_defaulted_functions
    Feature record: CXX_FEATURE:1cxx_defaulted_move_initializers
    Feature record: CXX_FEATURE:1cxx_delegating_constructors
    Feature record: CXX_FEATURE:1cxx_deleted_functions
    Feature record: CXX_FEATURE:1cxx_digit_separators
    Feature record: CXX_FEATURE:1cxx_enum_forward_declarations
    Feature record: CXX_FEATURE:1cxx_explicit_conversions
    Feature record: CXX_FEATURE:1cxx_extended_friend_declarations
    Feature record: CXX_FEATURE:1cxx_extern_templates
    Feature record: CXX_FEATURE:1cxx_final
    Feature record: CXX_FEATURE:1cxx_func_identifier
    Feature record: CXX_FEATURE:1cxx_generalized_initializers
    Feature record: CXX_FEATURE:1cxx_generic_lambdas
    Feature record: CXX_FEATURE:1cxx_inheriting_constructors
    Feature record: CXX_FEATURE:1cxx_inline_namespaces
    Feature record: CXX_FEATURE:1cxx_lambdas
    Feature record: CXX_FEATURE:1cxx_lambda_init_captures
    Feature record: CXX_FEATURE:1cxx_local_type_template_args
    Feature record: CXX_FEATURE:1cxx_long_long_type
    Feature record: CXX_FEATURE:1cxx_noexcept
    Feature record: CXX_FEATURE:1cxx_nonstatic_member_init
    Feature record: CXX_FEATURE:1cxx_nullptr
    Feature record: CXX_FEATURE:1cxx_override
    Feature record: CXX_FEATURE:1cxx_range_for
    Feature record: CXX_FEATURE:1cxx_raw_string_literals
    Feature record: CXX_FEATURE:1cxx_reference_qualified_functions
    Feature record: CXX_FEATURE:1cxx_relaxed_constexpr
    Feature record: CXX_FEATURE:1cxx_return_type_deduction
    Feature record: CXX_FEATURE:1cxx_right_angle_brackets
    Feature record: CXX_FEATURE:1cxx_rvalue_references
    Feature record: CXX_FEATURE:1cxx_sizeof_member
    Feature record: CXX_FEATURE:1cxx_static_assert
    Feature record: CXX_FEATURE:1cxx_strong_enums
    Feature record: CXX_FEATURE:1cxx_template_template_parameters
    Feature record: CXX_FEATURE:1cxx_thread_local
    Feature record: CXX_FEATURE:1cxx_trailing_return_types
    Feature record: CXX_FEATURE:1cxx_unicode_literals
    Feature record: CXX_FEATURE:1cxx_uniform_initialization
    Feature record: CXX_FEATURE:1cxx_unrestricted_unions
    Feature record: CXX_FEATURE:1cxx_user_literals
    Feature record: CXX_FEATURE:1cxx_variable_templates
    Feature record: CXX_FEATURE:1cxx_variadic_macros
    Feature record: CXX_FEATURE:1cxx_variadic_templates


Detecting CXX [-std=c++14] compiler features compiled with the following output:
Change Dir: /home/pi/opencv/opencv-4.1.2/build/CMakeFiles/CMakeTmp

Run Build Command:"/usr/bin/make" "cmTC_b17c5/fast"
/usr/bin/make -f CMakeFiles/cmTC_b17c5.dir/build.make CMakeFiles/cmTC_b17c5.dir/build
make[1]: 디렉터리 '/home/pi/opencv/opencv-4.1.2/build/CMakeFiles/CMakeTmp' 들어감
Building CXX object CMakeFiles/cmTC_b17c5.dir/feature_tests.cxx.o
/usr/bin/c++    -fPIE   -std=c++14 -o CMakeFiles/cmTC_b17c5.dir/feature_tests.cxx.o -c /home/pi/opencv/opencv-4.1.2/build/CMakeFiles/feature_tests.cxx
Linking CXX executable cmTC_b17c5
/usr/bin/cmake -E cmake_link_script CMakeFiles/cmTC_b17c5.dir/link.txt --verbose=1
/usr/bin/c++       CMakeFiles/cmTC_b17c5.dir/feature_tests.cxx.o  -o cmTC_b17c5 
make[1]: 디렉터리 '/home/pi/opencv/opencv-4.1.2/build/CMakeFiles/CMakeTmp' 나감


    Feature record: CXX_FEATURE:1cxx_aggregate_default_initializers
    Feature record: CXX_FEATURE:1cxx_alias_templates
    Feature record: CXX_FEATURE:1cxx_alignas
    Feature record: CXX_FEATURE:1cxx_alignof
    Feature record: CXX_FEATURE:1cxx_attributes
    Feature record: CXX_FEATURE:1cxx_attribute_deprecated
    Feature record: CXX_FEATURE:1cxx_auto_type
    Feature record: CXX_FEATURE:1cxx_binary_literals
    Feature record: CXX_FEATURE:1cxx_constexpr
    Feature record: CXX_FEATURE:1cxx_contextual_conversions
    Feature record: CXX_FEATURE:1cxx_decltype
    Feature record: CXX_FEATURE:1cxx_decltype_auto
    Feature record: CXX_FEATURE:1cxx_decltype_incomplete_return_types
    Feature record: CXX_FEATURE:1cxx_default_function_template_args
    Feature record: CXX_FEATURE:1cxx_defaulted_functions
    Feature record: CXX_FEATURE:1cxx_defaulted_move_initializers
    Feature record: CXX_FEATURE:1cxx_delegating_constructors
    Feature record: CXX_FEATURE:1cxx_deleted_functions
    Feature record: CXX_FEATURE:1cxx_digit_separators
    Feature record: CXX_FEATURE:1cxx_enum_forward_declarations
    Feature record: CXX_FEATURE:1cxx_explicit_conversions
    Feature record: CXX_FEATURE:1cxx_extended_friend_declarations
    Feature record: CXX_FEATURE:1cxx_extern_templates
    Feature record: CXX_FEATURE:1cxx_final
    Feature record: CXX_FEATURE:1cxx_func_identifier
    Feature record: CXX_FEATURE:1cxx_generalized_initializers
    Feature record: CXX_FEATURE:1cxx_generic_lambdas
    Feature record: CXX_FEATURE:1cxx_inheriting_constructors
    Feature record: CXX_FEATURE:1cxx_inline_namespaces
    Feature record: CXX_FEATURE:1cxx_lambdas
    Feature record: CXX_FEATURE:1cxx_lambda_init_captures
    Feature record: CXX_FEATURE:1cxx_local_type_template_args
    Feature record: CXX_FEATURE:1cxx_long_long_type
    Feature record: CXX_FEATURE:1cxx_noexcept
    Feature record: CXX_FEATURE:1cxx_nonstatic_member_init
    Feature record: CXX_FEATURE:1cxx_nullptr
    Feature record: CXX_FEATURE:1cxx_override
    Feature record: CXX_FEATURE:1cxx_range_for
    Feature record: CXX_FEATURE:1cxx_raw_string_literals
    Feature record: CXX_FEATURE:1cxx_reference_qualified_functions
    Feature record: CXX_FEATURE:1cxx_relaxed_constexpr
    Feature record: CXX_FEATURE:1cxx_return_type_deduction
    Feature record: CXX_FEATURE:1cxx_right_angle_brackets
    Feature record: CXX_FEATURE:1cxx_rvalue_references
    Feature record: CXX_FEATURE:1cxx_sizeof_member
    Feature record: CXX_FEATURE:1cxx_static_assert
    Feature record: CXX_FEATURE:1cxx_strong_enums
    Feature record: CXX_FEATURE:1cxx_template_template_parameters
    Feature record: CXX_FEATURE:1cxx_thread_local
    Feature record: CXX_FEATURE:1cxx_trailing_return_types
    Feature record: CXX_FEATURE:1cxx_unicode_literals
    Feature record: CXX_FEATURE:1cxx_uniform_initialization
    Feature record: CXX_FEATURE:1cxx_unrestricted_unions
    Feature record: CXX_FEATURE:1cxx_user_literals
    Feature record: CXX_FEATURE:1cxx_variable_templates
    Feature record: CXX_FEATURE:1cxx_variadic_macros
    Feature record: CXX_FEATURE:1cxx_variadic_templates


Detecting CXX [-std=c++11] compiler features compiled with the following output:
Change Dir: /home/pi/opencv/opencv-4.1.2/build/CMakeFiles/CMakeTmp

Run Build Command:"/usr/bin/make" "cmTC_2e1c1/fast"
/usr/bin/make -f CMakeFiles/cmTC_2e1c1.dir/build.make CMakeFiles/cmTC_2e1c1.dir/build
make[1]: 디렉터리 '/home/pi/opencv/opencv-4.1.2/build/CMakeFiles/CMakeTmp' 들어감
Building CXX object CMakeFiles/cmTC_2e1c1.dir/feature_tests.cxx.o
/usr/bin/c++    -fPIE   -std=c++11 -o CMakeFiles/cmTC_2e1c1.dir/feature_tests.cxx.o -c /home/pi/opencv/opencv-4.1.2/build/CMakeFiles/feature_tests.cxx
Linking CXX executable cmTC_2e1c1
/usr/bin/cmake -E cmake_link_script CMakeFiles/cmTC_2e1c1.dir/link.txt --verbose=1
/usr/bin/c++       CMakeFiles/cmTC_2e1c1.dir/feature_tests.cxx.o  -o cmTC_2e1c1 
make[1]: 디렉터리 '/home/pi/opencv/opencv-4.1.2/build/CMakeFiles/CMakeTmp' 나감


    Feature record: CXX_FEATURE:0cxx_aggregate_default_initializers
    Feature record: CXX_FEATURE:1cxx_alias_templates
    Feature record: CXX_FEATURE:1cxx_alignas
    Feature record: CXX_FEATURE:1cxx_alignof
    Feature record: CXX_FEATURE:1cxx_attributes
    Feature record: CXX_FEATURE:0cxx_attribute_deprecated
    Feature record: CXX_FEATURE:1cxx_auto_type
    Feature record: CXX_FEATURE:0cxx_binary_literals
    Feature record: CXX_FEATURE:1cxx_constexpr
    Feature record: CXX_FEATURE:0cxx_contextual_conversions
    Feature record: CXX_FEATURE:1cxx_decltype
    Feature record: CXX_FEATURE:0cxx_decltype_auto
    Feature record: CXX_FEATURE:1cxx_decltype_incomplete_return_types
    Feature record: CXX_FEATURE:1cxx_default_function_template_args
    Feature record: CXX_FEATURE:1cxx_defaulted_functions
    Feature record: CXX_FEATURE:1cxx_defaulted_move_initializers
    Feature record: CXX_FEATURE:1cxx_delegating_constructors
    Feature record: CXX_FEATURE:1cxx_deleted_functions
    Feature record: CXX_FEATURE:0cxx_digit_separators
    Feature record: CXX_FEATURE:1cxx_enum_forward_declarations
    Feature record: CXX_FEATURE:1cxx_explicit_conversions
    Feature record: CXX_FEATURE:1cxx_extended_friend_declarations
    Feature record: CXX_FEATURE:1cxx_extern_templates
    Feature record: CXX_FEATURE:1cxx_final
    Feature record: CXX_FEATURE:1cxx_func_identifier
    Feature record: CXX_FEATURE:1cxx_generalized_initializers
    Feature record: CXX_FEATURE:0cxx_generic_lambdas
    Feature record: CXX_FEATURE:1cxx_inheriting_constructors
    Feature record: CXX_FEATURE:1cxx_inline_namespaces
    Feature record: CXX_FEATURE:1cxx_lambdas
    Feature record: CXX_FEATURE:0cxx_lambda_init_captures
    Feature record: CXX_FEATURE:1cxx_local_type_template_args
    Feature record: CXX_FEATURE:1cxx_long_long_type
    Feature record: CXX_FEATURE:1cxx_noexcept
    Feature record: CXX_FEATURE:1cxx_nonstatic_member_init
    Feature record: CXX_FEATURE:1cxx_nullptr
    Feature record: CXX_FEATURE:1cxx_override
    Feature record: CXX_FEATURE:1cxx_range_for
    Feature record: CXX_FEATURE:1cxx_raw_string_literals
    Feature record: CXX_FEATURE:1cxx_reference_qualified_functions
    Feature record: CXX_FEATURE:0cxx_relaxed_constexpr
    Feature record: CXX_FEATURE:0cxx_return_type_deduction
    Feature record: CXX_FEATURE:1cxx_right_angle_brackets
    Feature record: CXX_FEATURE:1cxx_rvalue_references
    Feature record: CXX_FEATURE:1cxx_sizeof_member
    Feature record: CXX_FEATURE:1cxx_static_assert
    Feature record: CXX_FEATURE:1cxx_strong_enums
    Feature record: CXX_FEATURE:1cxx_template_template_parameters
    Feature record: CXX_FEATURE:1cxx_thread_local
    Feature record: CXX_FEATURE:1cxx_trailing_return_types
    Feature record: CXX_FEATURE:1cxx_unicode_literals
    Feature record: CXX_FEATURE:1cxx_uniform_initialization
    Feature record: CXX_FEATURE:1cxx_unrestricted_unions
    Feature record: CXX_FEATURE:1cxx_user_literals
    Feature record: CXX_FEATURE:0cxx_variable_templates
    Feature record: CXX_FEATURE:1cxx_variadic_macros
    Feature record: CXX_FEATURE:1cxx_variadic_templates


Detecting CXX [-std=c++98] compiler features compiled with the following output:
Change Dir: /home/pi/opencv/opencv-4.1.2/build/CMakeFiles/CMakeTmp

Run Build Command:"/usr/bin/make" "cmTC_831e2/fast"
/usr/bin/make -f CMakeFiles/cmTC_831e2.dir/build.make CMakeFiles/cmTC_831e2.dir/build
make[1]: 디렉터리 '/home/pi/opencv/opencv-4.1.2/build/CMakeFiles/CMakeTmp' 들어감
Building CXX object CMakeFiles/cmTC_831e2.dir/feature_tests.cxx.o
/usr/bin/c++    -fPIE   -std=c++98 -o CMakeFiles/cmTC_831e2.dir/feature_tests.cxx.o -c /home/pi/opencv/opencv-4.1.2/build/CMakeFiles/feature_tests.cxx
Linking CXX executable cmTC_831e2
/usr/bin/cmake -E cmake_link_script CMakeFiles/cmTC_831e2.dir/link.txt --verbose=1
/usr/bin/c++       CMakeFiles/cmTC_831e2.dir/feature_tests.cxx.o  -o cmTC_831e2 
make[1]: 디렉터리 '/home/pi/opencv/opencv-4.1.2/build/CMakeFiles/CMakeTmp' 나감


    Feature record: CXX_FEATURE:0cxx_aggregate_default_initializers
    Feature record: CXX_FEATURE:0cxx_alias_templates
    Feature record: CXX_FEATURE:0cxx_alignas
    Feature record: CXX_FEATURE:0cxx_alignof
    Feature record: CXX_FEATURE:0cxx_attributes
    Feature record: CXX_FEATURE:0cxx_attribute_deprecated
    Feature record: CXX_FEATURE:0cxx_auto_type
    Feature record: CXX_FEATURE:0cxx_binary_literals
    Feature record: CXX_FEATURE:0cxx_constexpr
    Feature record: CXX_FEATURE:0cxx_contextual_conversions
    Feature record: CXX_FEATURE:0cxx_decltype
    Feature record: CXX_FEATURE:0cxx_decltype_auto
    Feature record: CXX_FEATURE:0cxx_decltype_incomplete_return_types
    Feature record: CXX_FEATURE:0cxx_default_function_template_args
    Feature record: CXX_FEATURE:0cxx_defaulted_functions
    Feature record: CXX_FEATURE:0cxx_defaulted_move_initializers
    Feature record: CXX_FEATURE:0cxx_delegating_constructors
    Feature record: CXX_FEATURE:0cxx_deleted_functions
    Feature record: CXX_FEATURE:0cxx_digit_separators
    Feature record: CXX_FEATURE:0cxx_enum_forward_declarations
    Feature record: CXX_FEATURE:0cxx_explicit_conversions
    Feature record: CXX_FEATURE:0cxx_extended_friend_declarations
    Feature record: CXX_FEATURE:0cxx_extern_templates
    Feature record: CXX_FEATURE:0cxx_final
    Feature record: CXX_FEATURE:0cxx_func_identifier
    Feature record: CXX_FEATURE:0cxx_generalized_initializers
    Feature record: CXX_FEATURE:0cxx_generic_lambdas
    Feature record: CXX_FEATURE:0cxx_inheriting_constructors
    Feature record: CXX_FEATURE:0cxx_inline_namespaces
    Feature record: CXX_FEATURE:0cxx_lambdas
    Feature record: CXX_FEATURE:0cxx_lambda_init_captures
    Feature record: CXX_FEATURE:0cxx_local_type_template_args
    Feature record: CXX_FEATURE:0cxx_long_long_type
    Feature record: CXX_FEATURE:0cxx_noexcept
    Feature record: CXX_FEATURE:0cxx_nonstatic_member_init
    Feature record: CXX_FEATURE:0cxx_nullptr
    Feature record: CXX_FEATURE:0cxx_override
    Feature record: CXX_FEATURE:0cxx_range_for
    Feature record: CXX_FEATURE:0cxx_raw_string_literals
    Feature record: CXX_FEATURE:0cxx_reference_qualified_functions
    Feature record: CXX_FEATURE:0cxx_relaxed_constexpr
    Feature record: CXX_FEATURE:0cxx_return_type_deduction
    Feature record: CXX_FEATURE:0cxx_right_angle_brackets
    Feature record: CXX_FEATURE:0cxx_rvalue_references
    Feature record: CXX_FEATURE:0cxx_sizeof_member
    Feature record: CXX_FEATURE:0cxx_static_assert
    Feature record: CXX_FEATURE:0cxx_strong_enums
    Feature record: CXX_FEATURE:1cxx_template_template_parameters
    Feature record: CXX_FEATURE:0cxx_thread_local
    Feature record: CXX_FEATURE:0cxx_trailing_return_types
    Feature record: CXX_FEATURE:0cxx_unicode_literals
    Feature record: CXX_FEATURE:0cxx_uniform_initialization
    Feature record: CXX_FEATURE:0cxx_unrestricted_unions
    Feature record: CXX_FEATURE:0cxx_user_literals
    Feature record: CXX_FEATURE:0cxx_variable_templates
    Feature record: CXX_FEATURE:0cxx_variadic_macros
    Feature record: CXX_FEATURE:0cxx_variadic_templates
Determining if the C compiler works passed with the following output:
Change Dir: /home/pi/opencv/opencv-4.1.2/build/CMakeFiles/CMakeTmp

Run Build Command:"/usr/bin/make" "cmTC_71bb8/fast"
/usr/bin/make -f CMakeFiles/cmTC_71bb8.dir/build.make CMakeFiles/cmTC_71bb8.dir/build
make[1]: 디렉터리 '/home/pi/opencv/opencv-4.1.2/build/CMakeFiles/CMakeTmp' 들어감
Building C object CMakeFiles/cmTC_71bb8.dir/testCCompiler.c.o
/usr/bin/cc   -fPIE   -o CMakeFiles/cmTC_71bb8.dir/testCCompiler.c.o   -c /home/pi/opencv/opencv-4.1.2/build/CMakeFiles/CMakeTmp/testCCompiler.c
Linking C executable cmTC_71bb8
/usr/bin/cmake -E cmake_link_script CMakeFiles/cmTC_71bb8.dir/link.txt --verbose=1
/usr/bin/cc      CMakeFiles/cmTC_71bb8.dir/testCCompiler.c.o  -o cmTC_71bb8 
make[1]: 디렉터리 '/home/pi/opencv/opencv-4.1.2/build/CMakeFiles/CMakeTmp' 나감


Detecting C compiler ABI info compiled with the following output:
Change Dir: /home/pi/opencv/opencv-4.1.2/build/CMakeFiles/CMakeTmp

Run Build Command:"/usr/bin/make" "cmTC_372da/fast"
/usr/bin/make -f CMakeFiles/cmTC_372da.dir/build.make CMakeFiles/cmTC_372da.dir/build
make[1]: 디렉터리 '/home/pi/opencv/opencv-4.1.2/build/CMakeFiles/CMakeTmp' 들어감
Building C object CMakeFiles/cmTC_372da.dir/CMakeCCompilerABI.c.o
/usr/bin/cc   -fPIE   -o CMakeFiles/cmTC_372da.dir/CMakeCCompilerABI.c.o   -c /usr/share/cmake-3.13/Modules/CMakeCCompilerABI.c
Linking C executable cmTC_372da
/usr/bin/cmake -E cmake_link_script CMakeFiles/cmTC_372da.dir/link.txt --verbose=1
/usr/bin/cc     -v CMakeFiles/cmTC_372da.dir/CMakeCCompilerABI.c.o  -o cmTC_372da 
Using built-in specs.
COLLECT_GCC=/usr/bin/cc
COLLECT_LTO_WRAPPER=/usr/lib/gcc/arm-linux-gnueabihf/8/lto-wrapper
Target: arm-linux-gnueabihf
Configured with: ../src/configure -v --with-pkgversion='Raspbian 8.3.0-6+rpi1' --with-bugurl=file:///usr/share/doc/gcc-8/README.Bugs --enable-languages=c,ada,c++,go,d,fortran,objc,obj-c++ --prefix=/usr --with-gcc-major-version-only --program-suffix=-8 --program-prefix=arm-linux-gnueabihf- --enable-shared --enable-linker-build-id --libexecdir=/usr/lib --without-included-gettext --enable-threads=posix --libdir=/usr/lib --enable-nls --enable-bootstrap --enable-clocale=gnu --enable-libstdcxx-debug --enable-libstdcxx-time=yes --with-default-libstdcxx-abi=new --enable-gnu-unique-object --disable-libitm --disable-libquadmath --disable-libquadmath-support --enable-plugin --with-system-zlib --with-target-system-zlib --enable-objc-gc=auto --enable-multiarch --disable-sjlj-exceptions --with-arch=armv6 --with-fpu=vfp --with-float=hard --disable-werror --enable-checking=release --build=arm-linux-gnueabihf --host=arm-linux-gnueabihf --target=arm-linux-gnueabihf
Thread model: posix
gcc version 8.3.0 (Raspbian 8.3.0-6+rpi1) 
COMPILER_PATH=/usr/lib/gcc/arm-linux-gnueabihf/8/:/usr/lib/gcc/arm-linux-gnueabihf/8/:/usr/lib/gcc/arm-linux-gnueabihf/:/usr/lib/gcc/arm-linux-gnueabihf/8/:/usr/lib/gcc/arm-linux-gnueabihf/
LIBRARY_PATH=/usr/lib/gcc/arm-linux-gnueabihf/8/:/usr/lib/gcc/arm-linux-gnueabihf/8/../../../arm-linux-gnueabihf/:/usr/lib/gcc/arm-linux-gnueabihf/8/../../../:/lib/arm-linux-gnueabihf/:/lib/:/usr/lib/arm-linux-gnueabihf/:/usr/lib/
COLLECT_GCC_OPTIONS='-v' '-o' 'cmTC_372da'  '-mfloat-abi=hard' '-mfpu=vfp' '-mtls-dialect=gnu' '-marm' '-march=armv6+fp'
 /usr/lib/gcc/arm-linux-gnueabihf/8/collect2 -plugin /usr/lib/gcc/arm-linux-gnueabihf/8/liblto_plugin.so -plugin-opt=/usr/lib/gcc/arm-linux-gnueabihf/8/lto-wrapper -plugin-opt=-fresolution=/tmp/cc3IQXpA.res -plugin-opt=-pass-through=-lgcc -plugin-opt=-pass-through=-lgcc_s -plugin-opt=-pass-through=-lc -plugin-opt=-pass-through=-lgcc -plugin-opt=-pass-through=-lgcc_s --build-id --eh-frame-hdr -dynamic-linker /lib/ld-linux-armhf.so.3 -X --hash-style=gnu -m armelf_linux_eabi -o cmTC_372da /usr/lib/gcc/arm-linux-gnueabihf/8/../../../arm-linux-gnueabihf/crt1.o /usr/lib/gcc/arm-linux-gnueabihf/8/../../../arm-linux-gnueabihf/crti.o /usr/lib/gcc/arm-linux-gnueabihf/8/crtbegin.o -L/usr/lib/gcc/arm-linux-gnueabihf/8 -L/usr/lib/gcc/arm-linux-gnueabihf/8/../../../arm-linux-gnueabihf -L/usr/lib/gcc/arm-linux-gnueabihf/8/../../.. -L/lib/arm-linux-gnueabihf -L/usr/lib/arm-linux-gnueabihf CMakeFiles/cmTC_372da.dir/CMakeCCompilerABI.c.o -lgcc --push-state --as-needed -lgcc_s --pop-state -lc -lgcc --push-state --as-needed -lgcc_s --pop-state /usr/lib/gcc/arm-linux-gnueabihf/8/crtend.o /usr/lib/gcc/arm-linux-gnueabihf/8/../../../arm-linux-gnueabihf/crtn.o
COLLECT_GCC_OPTIONS='-v' '-o' 'cmTC_372da'  '-mfloat-abi=hard' '-mfpu=vfp' '-mtls-dialect=gnu' '-marm' '-march=armv6+fp'
make[1]: 디렉터리 '/home/pi/opencv/opencv-4.1.2/build/CMakeFiles/CMakeTmp' 나감


Parsed C implicit link information from above output:
  link line regex: [^( *|.*[/\])(ld|CMAKE_LINK_STARTFILE-NOTFOUND|([^/\]+-)?ld|collect2)[^/\]*( |$)]
  ignore line: [Change Dir: /home/pi/opencv/opencv-4.1.2/build/CMakeFiles/CMakeTmp]
  ignore line: []
  ignore line: [Run Build Command:"/usr/bin/make" "cmTC_372da/fast"]
  ignore line: [/usr/bin/make -f CMakeFiles/cmTC_372da.dir/build.make CMakeFiles/cmTC_372da.dir/build]
  ignore line: [make[1]: 디렉터리 '/home/pi/opencv/opencv-4.1.2/build/CMakeFiles/CMakeTmp' 들어감]
  ignore line: [Building C object CMakeFiles/cmTC_372da.dir/CMakeCCompilerABI.c.o]
  ignore line: [/usr/bin/cc   -fPIE   -o CMakeFiles/cmTC_372da.dir/CMakeCCompilerABI.c.o   -c /usr/share/cmake-3.13/Modules/CMakeCCompilerABI.c]
  ignore line: [Linking C executable cmTC_372da]
  ignore line: [/usr/bin/cmake -E cmake_link_script CMakeFiles/cmTC_372da.dir/link.txt --verbose=1]
  ignore line: [/usr/bin/cc     -v CMakeFiles/cmTC_372da.dir/CMakeCCompilerABI.c.o  -o cmTC_372da ]
  ignore line: [Using built-in specs.]
  ignore line: [COLLECT_GCC=/usr/bin/cc]
  ignore line: [COLLECT_LTO_WRAPPER=/usr/lib/gcc/arm-linux-gnueabihf/8/lto-wrapper]
  ignore line: [Target: arm-linux-gnueabihf]
  ignore line: [Configured with: ../src/configure -v --with-pkgversion='Raspbian 8.3.0-6+rpi1' --with-bugurl=file:///usr/share/doc/gcc-8/README.Bugs --enable-languages=c,ada,c++,go,d,fortran,objc,obj-c++ --prefix=/usr --with-gcc-major-version-only --program-suffix=-8 --program-prefix=arm-linux-gnueabihf- --enable-shared --enable-linker-build-id --libexecdir=/usr/lib --without-included-gettext --enable-threads=posix --libdir=/usr/lib --enable-nls --enable-bootstrap --enable-clocale=gnu --enable-libstdcxx-debug --enable-libstdcxx-time=yes --with-default-libstdcxx-abi=new --enable-gnu-unique-object --disable-libitm --disable-libquadmath --disable-libquadmath-support --enable-plugin --with-system-zlib --with-target-system-zlib --enable-objc-gc=auto --enable-multiarch --disable-sjlj-exceptions --with-arch=armv6 --with-fpu=vfp --with-float=hard --disable-werror --enable-checking=release --build=arm-linux-gnueabihf --host=arm-linux-gnueabihf --target=arm-linux-gnueabihf]
  ignore line: [Thread model: posix]
  ignore line: [gcc version 8.3.0 (Raspbian 8.3.0-6+rpi1) ]
  ignore line: [COMPILER_PATH=/usr/lib/gcc/arm-linux-gnueabihf/8/:/usr/lib/gcc/arm-linux-gnueabihf/8/:/usr/lib/gcc/arm-linux-gnueabihf/:/usr/lib/gcc/arm-linux-gnueabihf/8/:/usr/lib/gcc/arm-linux-gnueabihf/]
  ignore line: [LIBRARY_PATH=/usr/lib/gcc/arm-linux-gnueabihf/8/:/usr/lib/gcc/arm-linux-gnueabihf/8/../../../arm-linux-gnueabihf/:/usr/lib/gcc/arm-linux-gnueabihf/8/../../../:/lib/arm-linux-gnueabihf/:/lib/:/usr/lib/arm-linux-gnueabihf/:/usr/lib/]
  ignore line: [COLLECT_GCC_OPTIONS='-v' '-o' 'cmTC_372da'  '-mfloat-abi=hard' '-mfpu=vfp' '-mtls-dialect=gnu' '-marm' '-march=armv6+fp']
  link line: [ /usr/lib/gcc/arm-linux-gnueabihf/8/collect2 -plugin /usr/lib/gcc/arm-linux-gnueabihf/8/liblto_plugin.so -plugin-opt=/usr/lib/gcc/arm-linux-gnueabihf/8/lto-wrapper -plugin-opt=-fresolution=/tmp/cc3IQXpA.res -plugin-opt=-pass-through=-lgcc -plugin-opt=-pass-through=-lgcc_s -plugin-opt=-pass-through=-lc -plugin-opt=-pass-through=-lgcc -plugin-opt=-pass-through=-lgcc_s --build-id --eh-frame-hdr -dynamic-linker /lib/ld-linux-armhf.so.3 -X --hash-style=gnu -m armelf_linux_eabi -o cmTC_372da /usr/lib/gcc/arm-linux-gnueabihf/8/../../../arm-linux-gnueabihf/crt1.o /usr/lib/gcc/arm-linux-gnueabihf/8/../../../arm-linux-gnueabihf/crti.o /usr/lib/gcc/arm-linux-gnueabihf/8/crtbegin.o -L/usr/lib/gcc/arm-linux-gnueabihf/8 -L/usr/lib/gcc/arm-linux-gnueabihf/8/../../../arm-linux-gnueabihf -L/usr/lib/gcc/arm-linux-gnueabihf/8/../../.. -L/lib/arm-linux-gnueabihf -L/usr/lib/arm-linux-gnueabihf CMakeFiles/cmTC_372da.dir/CMakeCCompilerABI.c.o -lgcc --push-state --as-needed -lgcc_s --pop-state -lc -lgcc --push-state --as-needed -lgcc_s --pop-state /usr/lib/gcc/arm-linux-gnueabihf/8/crtend.o /usr/lib/gcc/arm-linux-gnueabihf/8/../../../arm-linux-gnueabihf/crtn.o]
    arg [/usr/lib/gcc/arm-linux-gnueabihf/8/collect2] ==> ignore
    arg [-plugin] ==> ignore
    arg [/usr/lib/gcc/arm-linux-gnueabihf/8/liblto_plugin.so] ==> ignore
    arg [-plugin-opt=/usr/lib/gcc/arm-linux-gnueabihf/8/lto-wrapper] ==> ignore
    arg [-plugin-opt=-fresolution=/tmp/cc3IQXpA.res] ==> ignore
    arg [-plugin-opt=-pass-through=-lgcc] ==> ignore
    arg [-plugin-opt=-pass-through=-lgcc_s] ==> ignore
    arg [-plugin-opt=-pass-through=-lc] ==> ignore
    arg [-plugin-opt=-pass-through=-lgcc] ==> ignore
    arg [-plugin-opt=-pass-through=-lgcc_s] ==> ignore
    arg [--build-id] ==> ignore
    arg [--eh-frame-hdr] ==> ignore
    arg [-dynamic-linker] ==> ignore
    arg [/lib/ld-linux-armhf.so.3] ==> ignore
    arg [-X] ==> ignore
    arg [--hash-style=gnu] ==> ignore
    arg [-m] ==> ignore
    arg [armelf_linux_eabi] ==> ignore
    arg [-o] ==> ignore
    arg [cmTC_372da] ==> ignore
    arg [/usr/lib/gcc/arm-linux-gnueabihf/8/../../../arm-linux-gnueabihf/crt1.o] ==> ignore
    arg [/usr/lib/gcc/arm-linux-gnueabihf/8/../../../arm-linux-gnueabihf/crti.o] ==> ignore
    arg [/usr/lib/gcc/arm-linux-gnueabihf/8/crtbegin.o] ==> ignore
    arg [-L/usr/lib/gcc/arm-linux-gnueabihf/8] ==> dir [/usr/lib/gcc/arm-linux-gnueabihf/8]
    arg [-L/usr/lib/gcc/arm-linux-gnueabihf/8/../../../arm-linux-gnueabihf] ==> dir [/usr/lib/gcc/arm-linux-gnueabihf/8/../../../arm-linux-gnueabihf]
    arg [-L/usr/lib/gcc/arm-linux-gnueabihf/8/../../..] ==> dir [/usr/lib/gcc/arm-linux-gnueabihf/8/../../..]
    arg [-L/lib/arm-linux-gnueabihf] ==> dir [/lib/arm-linux-gnueabihf]
    arg [-L/usr/lib/arm-linux-gnueabihf] ==> dir [/usr/lib/arm-linux-gnueabihf]
    arg [CMakeFiles/cmTC_372da.dir/CMakeCCompilerABI.c.o] ==> ignore
    arg [-lgcc] ==> lib [gcc]
    arg [--push-state] ==> ignore
    arg [--as-needed] ==> ignore
    arg [-lgcc_s] ==> lib [gcc_s]
    arg [--pop-state] ==> ignore
    arg [-lc] ==> lib [c]
    arg [-lgcc] ==> lib [gcc]
    arg [--push-state] ==> ignore
    arg [--as-needed] ==> ignore
    arg [-lgcc_s] ==> lib [gcc_s]
    arg [--pop-state] ==> ignore
    arg [/usr/lib/gcc/arm-linux-gnueabihf/8/crtend.o] ==> ignore
    arg [/usr/lib/gcc/arm-linux-gnueabihf/8/../../../arm-linux-gnueabihf/crtn.o] ==> ignore
  collapse library dir [/usr/lib/gcc/arm-linux-gnueabihf/8] ==> [/usr/lib/gcc/arm-linux-gnueabihf/8]
  collapse library dir [/usr/lib/gcc/arm-linux-gnueabihf/8/../../../arm-linux-gnueabihf] ==> [/usr/lib/arm-linux-gnueabihf]
  collapse library dir [/usr/lib/gcc/arm-linux-gnueabihf/8/../../..] ==> [/usr/lib]
  collapse library dir [/lib/arm-linux-gnueabihf] ==> [/lib/arm-linux-gnueabihf]
  collapse library dir [/usr/lib/arm-linux-gnueabihf] ==> [/usr/lib/arm-linux-gnueabihf]
  implicit libs: [gcc;gcc_s;c;gcc;gcc_s]
  implicit dirs: [/usr/lib/gcc/arm-linux-gnueabihf/8;/usr/lib/arm-linux-gnueabihf;/usr/lib;/lib/arm-linux-gnueabihf]
  implicit fwks: []




Detecting C [-std=c11] compiler features compiled with the following output:
Change Dir: /home/pi/opencv/opencv-4.1.2/build/CMakeFiles/CMakeTmp

Run Build Command:"/usr/bin/make" "cmTC_0ca92/fast"
/usr/bin/make -f CMakeFiles/cmTC_0ca92.dir/build.make CMakeFiles/cmTC_0ca92.dir/build
make[1]: 디렉터리 '/home/pi/opencv/opencv-4.1.2/build/CMakeFiles/CMakeTmp' 들어감
Building C object CMakeFiles/cmTC_0ca92.dir/feature_tests.c.o
/usr/bin/cc   -fPIE   -std=c11 -o CMakeFiles/cmTC_0ca92.dir/feature_tests.c.o   -c /home/pi/opencv/opencv-4.1.2/build/CMakeFiles/feature_tests.c
Linking C executable cmTC_0ca92
/usr/bin/cmake -E cmake_link_script CMakeFiles/cmTC_0ca92.dir/link.txt --verbose=1
/usr/bin/cc      CMakeFiles/cmTC_0ca92.dir/feature_tests.c.o  -o cmTC_0ca92 
make[1]: 디렉터리 '/home/pi/opencv/opencv-4.1.2/build/CMakeFiles/CMakeTmp' 나감


    Feature record: C_FEATURE:1c_function_prototypes
    Feature record: C_FEATURE:1c_restrict
    Feature record: C_FEATURE:1c_static_assert
    Feature record: C_FEATURE:1c_variadic_macros


Detecting C [-std=c99] compiler features compiled with the following output:
Change Dir: /home/pi/opencv/opencv-4.1.2/build/CMakeFiles/CMakeTmp

Run Build Command:"/usr/bin/make" "cmTC_759c2/fast"
/usr/bin/make -f CMakeFiles/cmTC_759c2.dir/build.make CMakeFiles/cmTC_759c2.dir/build
make[1]: 디렉터리 '/home/pi/opencv/opencv-4.1.2/build/CMakeFiles/CMakeTmp' 들어감
Building C object CMakeFiles/cmTC_759c2.dir/feature_tests.c.o
/usr/bin/cc   -fPIE   -std=c99 -o CMakeFiles/cmTC_759c2.dir/feature_tests.c.o   -c /home/pi/opencv/opencv-4.1.2/build/CMakeFiles/feature_tests.c
Linking C executable cmTC_759c2
/usr/bin/cmake -E cmake_link_script CMakeFiles/cmTC_759c2.dir/link.txt --verbose=1
/usr/bin/cc      CMakeFiles/cmTC_759c2.dir/feature_tests.c.o  -o cmTC_759c2 
make[1]: 디렉터리 '/home/pi/opencv/opencv-4.1.2/build/CMakeFiles/CMakeTmp' 나감


    Feature record: C_FEATURE:1c_function_prototypes
    Feature record: C_FEATURE:1c_restrict
    Feature record: C_FEATURE:0c_static_assert
    Feature record: C_FEATURE:1c_variadic_macros


Detecting C [-std=c90] compiler features compiled with the following output:
Change Dir: /home/pi/opencv/opencv-4.1.2/build/CMakeFiles/CMakeTmp

Run Build Command:"/usr/bin/make" "cmTC_4d2c1/fast"
/usr/bin/make -f CMakeFiles/cmTC_4d2c1.dir/build.make CMakeFiles/cmTC_4d2c1.dir/build
make[1]: 디렉터리 '/home/pi/opencv/opencv-4.1.2/build/CMakeFiles/CMakeTmp' 들어감
Building C object CMakeFiles/cmTC_4d2c1.dir/feature_tests.c.o
/usr/bin/cc   -fPIE   -std=c90 -o CMakeFiles/cmTC_4d2c1.dir/feature_tests.c.o   -c /home/pi/opencv/opencv-4.1.2/build/CMakeFiles/feature_tests.c
Linking C executable cmTC_4d2c1
/usr/bin/cmake -E cmake_link_script CMakeFiles/cmTC_4d2c1.dir/link.txt --verbose=1
/usr/bin/cc      CMakeFiles/cmTC_4d2c1.dir/feature_tests.c.o  -o cmTC_4d2c1 
make[1]: 디렉터리 '/home/pi/opencv/opencv-4.1.2/build/CMakeFiles/CMakeTmp' 나감


    Feature record: C_FEATURE:1c_function_prototypes
    Feature record: C_FEATURE:0c_restrict
    Feature record: C_FEATURE:0c_static_assert
    Feature record: C_FEATURE:0c_variadic_macros
Determining if the include file pthread.h exists passed with the following output:
Change Dir: /home/pi/opencv/opencv-4.1.2/build/CMakeFiles/CMakeTmp

Run Build Command:"/usr/bin/make" "cmTC_aaa95/fast"
/usr/bin/make -f CMakeFiles/cmTC_aaa95.dir/build.make CMakeFiles/cmTC_aaa95.dir/build
make[1]: 디렉터리 '/home/pi/opencv/opencv-4.1.2/build/CMakeFiles/CMakeTmp' 들어감
Building C object CMakeFiles/cmTC_aaa95.dir/CheckIncludeFile.c.o
/usr/bin/cc   -fsigned-char -W -Wall -Werror=return-type -Werror=non-virtual-dtor -Werror=address -Werror=sequence-point -Wformat -Werror=format-security -Wmissing-declarations -Wmissing-prototypes -Wstrict-prototypes -Wundef -Winit-self -Wpointer-arith -Wshadow -Wuninitialized -Winit-self -Wno-comment -Wimplicit-fallthrough=3 -Wno-strict-overflow -fdiagnostics-show-option -pthread -fomit-frame-pointer -ffunction-sections -fdata-sections  -fvisibility=hidden  -fPIE   -o CMakeFiles/cmTC_aaa95.dir/CheckIncludeFile.c.o   -c /home/pi/opencv/opencv-4.1.2/build/CMakeFiles/CMakeTmp/CheckIncludeFile.c
Linking C executable cmTC_aaa95
/usr/bin/cmake -E cmake_link_script CMakeFiles/cmTC_aaa95.dir/link.txt --verbose=1
/usr/bin/cc    -fsigned-char -W -Wall -Werror=return-type -Werror=non-virtual-dtor -Werror=address -Werror=sequence-point -Wformat -Werror=format-security -Wmissing-declarations -Wmissing-prototypes -Wstrict-prototypes -Wundef -Winit-self -Wpointer-arith -Wshadow -Wuninitialized -Winit-self -Wno-comment -Wimplicit-fallthrough=3 -Wno-strict-overflow -fdiagnostics-show-option -pthread -fomit-frame-pointer -ffunction-sections -fdata-sections  -fvisibility=hidden     -Wl,--gc-sections  CMakeFiles/cmTC_aaa95.dir/CheckIncludeFile.c.o  -o cmTC_aaa95 -latomic 
make[1]: 디렉터리 '/home/pi/opencv/opencv-4.1.2/build/CMakeFiles/CMakeTmp' 나감


Determining if the posix_memalign exist passed with the following output:
Change Dir: /home/pi/opencv/opencv-4.1.2/build/CMakeFiles/CMakeTmp

Run Build Command:"/usr/bin/make" "cmTC_66ac5/fast"
/usr/bin/make -f CMakeFiles/cmTC_66ac5.dir/build.make CMakeFiles/cmTC_66ac5.dir/build
make[1]: 디렉터리 '/home/pi/opencv/opencv-4.1.2/build/CMakeFiles/CMakeTmp' 들어감
Building C object CMakeFiles/cmTC_66ac5.dir/CheckSymbolExists.c.o
/usr/bin/cc   -fsigned-char -W -Wall -Werror=return-type -Werror=non-virtual-dtor -Werror=address -Werror=sequence-point -Wformat -Werror=format-security -Wmissing-declarations -Wmissing-prototypes -Wstrict-prototypes -Wundef -Winit-self -Wpointer-arith -Wshadow -Wuninitialized -Winit-self -Wno-comment -Wimplicit-fallthrough=3 -Wno-strict-overflow -fdiagnostics-show-option -pthread -fomit-frame-pointer -ffunction-sections -fdata-sections  -fvisibility=hidden  -fPIE   -o CMakeFiles/cmTC_66ac5.dir/CheckSymbolExists.c.o   -c /home/pi/opencv/opencv-4.1.2/build/CMakeFiles/CMakeTmp/CheckSymbolExists.c
Linking C executable cmTC_66ac5
/usr/bin/cmake -E cmake_link_script CMakeFiles/cmTC_66ac5.dir/link.txt --verbose=1
/usr/bin/cc    -fsigned-char -W -Wall -Werror=return-type -Werror=non-virtual-dtor -Werror=address -Werror=sequence-point -Wformat -Werror=format-security -Wmissing-declarations -Wmissing-prototypes -Wstrict-prototypes -Wundef -Winit-self -Wpointer-arith -Wshadow -Wuninitialized -Winit-self -Wno-comment -Wimplicit-fallthrough=3 -Wno-strict-overflow -fdiagnostics-show-option -pthread -fomit-frame-pointer -ffunction-sections -fdata-sections  -fvisibility=hidden     -Wl,--gc-sections  CMakeFiles/cmTC_66ac5.dir/CheckSymbolExists.c.o  -o cmTC_66ac5 -latomic 
make[1]: 디렉터리 '/home/pi/opencv/opencv-4.1.2/build/CMakeFiles/CMakeTmp' 나감

File /home/pi/opencv/opencv-4.1.2/build/CMakeFiles/CMakeTmp/CheckSymbolExists.c:
/* */
#include <stdlib.h>

int main(int argc, char** argv)
{
  (void)argv;
#ifndef posix_memalign
  return ((int*)(&posix_memalign))[argc];
#else
  (void)argc;
  return 0;
#endif
}

Determining if the include file malloc.h exists passed with the following output:
Change Dir: /home/pi/opencv/opencv-4.1.2/build/CMakeFiles/CMakeTmp

Run Build Command:"/usr/bin/make" "cmTC_38834/fast"
/usr/bin/make -f CMakeFiles/cmTC_38834.dir/build.make CMakeFiles/cmTC_38834.dir/build
make[1]: 디렉터리 '/home/pi/opencv/opencv-4.1.2/build/CMakeFiles/CMakeTmp' 들어감
Building C object CMakeFiles/cmTC_38834.dir/CheckIncludeFile.c.o
/usr/bin/cc   -fsigned-char -W -Wall -Werror=return-type -Werror=non-virtual-dtor -Werror=address -Werror=sequence-point -Wformat -Werror=format-security -Wmissing-declarations -Wmissing-prototypes -Wstrict-prototypes -Wundef -Winit-self -Wpointer-arith -Wshadow -Wuninitialized -Winit-self -Wno-comment -Wimplicit-fallthrough=3 -Wno-strict-overflow -fdiagnostics-show-option -pthread -fomit-frame-pointer -ffunction-sections -fdata-sections  -fvisibility=hidden  -fPIE   -o CMakeFiles/cmTC_38834.dir/CheckIncludeFile.c.o   -c /home/pi/opencv/opencv-4.1.2/build/CMakeFiles/CMakeTmp/CheckIncludeFile.c
Linking C executable cmTC_38834
/usr/bin/cmake -E cmake_link_script CMakeFiles/cmTC_38834.dir/link.txt --verbose=1
/usr/bin/cc    -fsigned-char -W -Wall -Werror=return-type -Werror=non-virtual-dtor -Werror=address -Werror=sequence-point -Wformat -Werror=format-security -Wmissing-declarations -Wmissing-prototypes -Wstrict-prototypes -Wundef -Winit-self -Wpointer-arith -Wshadow -Wuninitialized -Winit-self -Wno-comment -Wimplicit-fallthrough=3 -Wno-strict-overflow -fdiagnostics-show-option -pthread -fomit-frame-pointer -ffunction-sections -fdata-sections  -fvisibility=hidden     -Wl,--gc-sections  CMakeFiles/cmTC_38834.dir/CheckIncludeFile.c.o  -o cmTC_38834 -latomic 
make[1]: 디렉터리 '/home/pi/opencv/opencv-4.1.2/build/CMakeFiles/CMakeTmp' 나감


Determining if the memalign exist passed with the following output:
Change Dir: /home/pi/opencv/opencv-4.1.2/build/CMakeFiles/CMakeTmp

Run Build Command:"/usr/bin/make" "cmTC_52c8c/fast"
/usr/bin/make -f CMakeFiles/cmTC_52c8c.dir/build.make CMakeFiles/cmTC_52c8c.dir/build
make[1]: 디렉터리 '/home/pi/opencv/opencv-4.1.2/build/CMakeFiles/CMakeTmp' 들어감
Building C object CMakeFiles/cmTC_52c8c.dir/CheckSymbolExists.c.o
/usr/bin/cc   -fsigned-char -W -Wall -Werror=return-type -Werror=non-virtual-dtor -Werror=address -Werror=sequence-point -Wformat -Werror=format-security -Wmissing-declarations -Wmissing-prototypes -Wstrict-prototypes -Wundef -Winit-self -Wpointer-arith -Wshadow -Wuninitialized -Winit-self -Wno-comment -Wimplicit-fallthrough=3 -Wno-strict-overflow -fdiagnostics-show-option -pthread -fomit-frame-pointer -ffunction-sections -fdata-sections  -fvisibility=hidden  -fPIE   -o CMakeFiles/cmTC_52c8c.dir/CheckSymbolExists.c.o   -c /home/pi/opencv/opencv-4.1.2/build/CMakeFiles/CMakeTmp/CheckSymbolExists.c
Linking C executable cmTC_52c8c
/usr/bin/cmake -E cmake_link_script CMakeFiles/cmTC_52c8c.dir/link.txt --verbose=1
/usr/bin/cc    -fsigned-char -W -Wall -Werror=return-type -Werror=non-virtual-dtor -Werror=address -Werror=sequence-point -Wformat -Werror=format-security -Wmissing-declarations -Wmissing-prototypes -Wstrict-prototypes -Wundef -Winit-self -Wpointer-arith -Wshadow -Wuninitialized -Winit-self -Wno-comment -Wimplicit-fallthrough=3 -Wno-strict-overflow -fdiagnostics-show-option -pthread -fomit-frame-pointer -ffunction-sections -fdata-sections  -fvisibility=hidden     -Wl,--gc-sections  CMakeFiles/cmTC_52c8c.dir/CheckSymbolExists.c.o  -o cmTC_52c8c -latomic 
make[1]: 디렉터리 '/home/pi/opencv/opencv-4.1.2/build/CMakeFiles/CMakeTmp' 나감

File /home/pi/opencv/opencv-4.1.2/build/CMakeFiles/CMakeTmp/CheckSymbolExists.c:
/* */
#include <malloc.h>

int main(int argc, char** argv)
{
  (void)argv;
#ifndef memalign
  return ((int*)(&memalign))[argc];
#else
  (void)argc;
  return 0;
#endif
}

Determining if the include file sys/types.h exists passed with the following output:
Change Dir: /home/pi/opencv/opencv-4.1.2/build/CMakeFiles/CMakeTmp

Run Build Command:"/usr/bin/make" "cmTC_bfac9/fast"
/usr/bin/make -f CMakeFiles/cmTC_bfac9.dir/build.make CMakeFiles/cmTC_bfac9.dir/build
make[1]: 디렉터리 '/home/pi/opencv/opencv-4.1.2/build/CMakeFiles/CMakeTmp' 들어감
Building C object CMakeFiles/cmTC_bfac9.dir/CheckIncludeFile.c.o
/usr/bin/cc   -fsigned-char -W -Wall -Werror=return-type -Werror=non-virtual-dtor -Werror=address -Werror=sequence-point -Wformat -Werror=format-security -Wmissing-declarations -Wmissing-prototypes -Wstrict-prototypes -Wundef -Winit-self -Wpointer-arith -Wshadow -Wuninitialized -Winit-self -Wno-comment -Wimplicit-fallthrough=3 -Wno-strict-overflow -fdiagnostics-show-option -pthread -fomit-frame-pointer -ffunction-sections -fdata-sections  -fvisibility=hidden  -fPIE   -o CMakeFiles/cmTC_bfac9.dir/CheckIncludeFile.c.o   -c /home/pi/opencv/opencv-4.1.2/build/CMakeFiles/CMakeTmp/CheckIncludeFile.c
Linking C executable cmTC_bfac9
/usr/bin/cmake -E cmake_link_script CMakeFiles/cmTC_bfac9.dir/link.txt --verbose=1
/usr/bin/cc    -fsigned-char -W -Wall -Werror=return-type -Werror=non-virtual-dtor -Werror=address -Werror=sequence-point -Wformat -Werror=format-security -Wmissing-declarations -Wmissing-prototypes -Wstrict-prototypes -Wundef -Winit-self -Wpointer-arith -Wshadow -Wuninitialized -Winit-self -Wno-comment -Wimplicit-fallthrough=3 -Wno-strict-overflow -fdiagnostics-show-option -pthread -fomit-frame-pointer -ffunction-sections -fdata-sections  -fvisibility=hidden     -Wl,--gc-sections  CMakeFiles/cmTC_bfac9.dir/CheckIncludeFile.c.o  -o cmTC_bfac9 -latomic 
make[1]: 디렉터리 '/home/pi/opencv/opencv-4.1.2/build/CMakeFiles/CMakeTmp' 나감


Determining if the include file stdint.h exists passed with the following output:
Change Dir: /home/pi/opencv/opencv-4.1.2/build/CMakeFiles/CMakeTmp

Run Build Command:"/usr/bin/make" "cmTC_52d59/fast"
/usr/bin/make -f CMakeFiles/cmTC_52d59.dir/build.make CMakeFiles/cmTC_52d59.dir/build
make[1]: 디렉터리 '/home/pi/opencv/opencv-4.1.2/build/CMakeFiles/CMakeTmp' 들어감
Building C object CMakeFiles/cmTC_52d59.dir/CheckIncludeFile.c.o
/usr/bin/cc   -fsigned-char -W -Wall -Werror=return-type -Werror=non-virtual-dtor -Werror=address -Werror=sequence-point -Wformat -Werror=format-security -Wmissing-declarations -Wmissing-prototypes -Wstrict-prototypes -Wundef -Winit-self -Wpointer-arith -Wshadow -Wuninitialized -Winit-self -Wno-comment -Wimplicit-fallthrough=3 -Wno-strict-overflow -fdiagnostics-show-option -pthread -fomit-frame-pointer -ffunction-sections -fdata-sections  -fvisibility=hidden  -fPIE   -o CMakeFiles/cmTC_52d59.dir/CheckIncludeFile.c.o   -c /home/pi/opencv/opencv-4.1.2/build/CMakeFiles/CMakeTmp/CheckIncludeFile.c
Linking C executable cmTC_52d59
/usr/bin/cmake -E cmake_link_script CMakeFiles/cmTC_52d59.dir/link.txt --verbose=1
/usr/bin/cc    -fsigned-char -W -Wall -Werror=return-type -Werror=non-virtual-dtor -Werror=address -Werror=sequence-point -Wformat -Werror=format-security -Wmissing-declarations -Wmissing-prototypes -Wstrict-prototypes -Wundef -Winit-self -Wpointer-arith -Wshadow -Wuninitialized -Winit-self -Wno-comment -Wimplicit-fallthrough=3 -Wno-strict-overflow -fdiagnostics-show-option -pthread -fomit-frame-pointer -ffunction-sections -fdata-sections  -fvisibility=hidden     -Wl,--gc-sections  CMakeFiles/cmTC_52d59.dir/CheckIncludeFile.c.o  -o cmTC_52d59 -latomic 
make[1]: 디렉터리 '/home/pi/opencv/opencv-4.1.2/build/CMakeFiles/CMakeTmp' 나감


Determining if the include file stddef.h exists passed with the following output:
Change Dir: /home/pi/opencv/opencv-4.1.2/build/CMakeFiles/CMakeTmp

Run Build Command:"/usr/bin/make" "cmTC_e500d/fast"
/usr/bin/make -f CMakeFiles/cmTC_e500d.dir/build.make CMakeFiles/cmTC_e500d.dir/build
make[1]: 디렉터리 '/home/pi/opencv/opencv-4.1.2/build/CMakeFiles/CMakeTmp' 들어감
Building C object CMakeFiles/cmTC_e500d.dir/CheckIncludeFile.c.o
/usr/bin/cc   -fsigned-char -W -Wall -Werror=return-type -Werror=non-virtual-dtor -Werror=address -Werror=sequence-point -Wformat -Werror=format-security -Wmissing-declarations -Wmissing-prototypes -Wstrict-prototypes -Wundef -Winit-self -Wpointer-arith -Wshadow -Wuninitialized -Winit-self -Wno-comment -Wimplicit-fallthrough=3 -Wno-strict-overflow -fdiagnostics-show-option -pthread -fomit-frame-pointer -ffunction-sections -fdata-sections  -fvisibility=hidden  -fPIE   -o CMakeFiles/cmTC_e500d.dir/CheckIncludeFile.c.o   -c /home/pi/opencv/opencv-4.1.2/build/CMakeFiles/CMakeTmp/CheckIncludeFile.c
Linking C executable cmTC_e500d
/usr/bin/cmake -E cmake_link_script CMakeFiles/cmTC_e500d.dir/link.txt --verbose=1
/usr/bin/cc    -fsigned-char -W -Wall -Werror=return-type -Werror=non-virtual-dtor -Werror=address -Werror=sequence-point -Wformat -Werror=format-security -Wmissing-declarations -Wmissing-prototypes -Wstrict-prototypes -Wundef -Winit-self -Wpointer-arith -Wshadow -Wuninitialized -Winit-self -Wno-comment -Wimplicit-fallthrough=3 -Wno-strict-overflow -fdiagnostics-show-option -pthread -fomit-frame-pointer -ffunction-sections -fdata-sections  -fvisibility=hidden     -Wl,--gc-sections  CMakeFiles/cmTC_e500d.dir/CheckIncludeFile.c.o  -o cmTC_e500d -latomic 
make[1]: 디렉터리 '/home/pi/opencv/opencv-4.1.2/build/CMakeFiles/CMakeTmp' 나감


Determining size of unsigned short passed with the following output:
Change Dir: /home/pi/opencv/opencv-4.1.2/build/CMakeFiles/CMakeTmp

Run Build Command:"/usr/bin/make" "cmTC_1ecfa/fast"
/usr/bin/make -f CMakeFiles/cmTC_1ecfa.dir/build.make CMakeFiles/cmTC_1ecfa.dir/build
make[1]: 디렉터리 '/home/pi/opencv/opencv-4.1.2/build/CMakeFiles/CMakeTmp' 들어감
Building C object CMakeFiles/cmTC_1ecfa.dir/CMAKE_SIZEOF_UNSIGNED_SHORT.c.o
/usr/bin/cc   -fsigned-char -W -Wall -Werror=return-type -Werror=non-virtual-dtor -Werror=address -Werror=sequence-point -Wformat -Werror=format-security -Wmissing-declarations -Wmissing-prototypes -Wstrict-prototypes -Wundef -Winit-self -Wpointer-arith -Wshadow -Wuninitialized -Winit-self -Wno-comment -Wimplicit-fallthrough=3 -Wno-strict-overflow -fdiagnostics-show-option -pthread -fomit-frame-pointer -ffunction-sections -fdata-sections  -fvisibility=hidden  -fPIE   -o CMakeFiles/cmTC_1ecfa.dir/CMAKE_SIZEOF_UNSIGNED_SHORT.c.o   -c /home/pi/opencv/opencv-4.1.2/build/CMakeFiles/CheckTypeSize/CMAKE_SIZEOF_UNSIGNED_SHORT.c
Linking C executable cmTC_1ecfa
/usr/bin/cmake -E cmake_link_script CMakeFiles/cmTC_1ecfa.dir/link.txt --verbose=1
/usr/bin/cc    -fsigned-char -W -Wall -Werror=return-type -Werror=non-virtual-dtor -Werror=address -Werror=sequence-point -Wformat -Werror=format-security -Wmissing-declarations -Wmissing-prototypes -Wstrict-prototypes -Wundef -Winit-self -Wpointer-arith -Wshadow -Wuninitialized -Winit-self -Wno-comment -Wimplicit-fallthrough=3 -Wno-strict-overflow -fdiagnostics-show-option -pthread -fomit-frame-pointer -ffunction-sections -fdata-sections  -fvisibility=hidden     -Wl,--gc-sections  CMakeFiles/cmTC_1ecfa.dir/CMAKE_SIZEOF_UNSIGNED_SHORT.c.o  -o cmTC_1ecfa -latomic 
make[1]: 디렉터리 '/home/pi/opencv/opencv-4.1.2/build/CMakeFiles/CMakeTmp' 나감


Determining if the system is big endian passed with the following output:
Change Dir: /home/pi/opencv/opencv-4.1.2/build/CMakeFiles/CMakeTmp

Run Build Command:"/usr/bin/make" "cmTC_0cae5/fast"
/usr/bin/make -f CMakeFiles/cmTC_0cae5.dir/build.make CMakeFiles/cmTC_0cae5.dir/build
make[1]: 디렉터리 '/home/pi/opencv/opencv-4.1.2/build/CMakeFiles/CMakeTmp' 들어감
Building C object CMakeFiles/cmTC_0cae5.dir/TestEndianess.c.o
/usr/bin/cc   -fsigned-char -W -Wall -Werror=return-type -Werror=non-virtual-dtor -Werror=address -Werror=sequence-point -Wformat -Werror=format-security -Wmissing-declarations -Wmissing-prototypes -Wstrict-prototypes -Wundef -Winit-self -Wpointer-arith -Wshadow -Wuninitialized -Winit-self -Wno-comment -Wimplicit-fallthrough=3 -Wno-strict-overflow -fdiagnostics-show-option -pthread -fomit-frame-pointer -ffunction-sections -fdata-sections  -fvisibility=hidden  -fPIE   -o CMakeFiles/cmTC_0cae5.dir/TestEndianess.c.o   -c /home/pi/opencv/opencv-4.1.2/build/CMakeFiles/CMakeTmp/TestEndianess.c
Linking C executable cmTC_0cae5
/usr/bin/cmake -E cmake_link_script CMakeFiles/cmTC_0cae5.dir/link.txt --verbose=1
/usr/bin/cc    -fsigned-char -W -Wall -Werror=return-type -Werror=non-virtual-dtor -Werror=address -Werror=sequence-point -Wformat -Werror=format-security -Wmissing-declarations -Wmissing-prototypes -Wstrict-prototypes -Wundef -Winit-self -Wpointer-arith -Wshadow -Wuninitialized -Winit-self -Wno-comment -Wimplicit-fallthrough=3 -Wno-strict-overflow -fdiagnostics-show-option -pthread -fomit-frame-pointer -ffunction-sections -fdata-sections  -fvisibility=hidden     -Wl,--gc-sections  CMakeFiles/cmTC_0cae5.dir/TestEndianess.c.o  -o cmTC_0cae5 
make[1]: 디렉터리 '/home/pi/opencv/opencv-4.1.2/build/CMakeFiles/CMakeTmp' 나감

TestEndianess.c:
/* A 16 bit integer is required. */
typedef unsigned short cmakeint16;

/* On a little endian machine, these 16bit ints will give "THIS IS LITTLE ENDIAN."
   On a big endian machine the characters will be exchanged pairwise. */
const cmakeint16 info_little[] =  {0x4854, 0x5349, 0x4920, 0x2053, 0x494c, 0x5454, 0x454c, 0x4520, 0x444e, 0x4149, 0x2e4e, 0x0000};

/* on a big endian machine, these 16bit ints will give "THIS IS BIG ENDIAN."
   On a little endian machine the characters will be exchanged pairwise. */
const cmakeint16 info_big[] =     {0x5448, 0x4953, 0x2049, 0x5320, 0x4249, 0x4720, 0x454e, 0x4449, 0x414e, 0x2e2e, 0x0000};

#ifdef __CLASSIC_C__
int main(argc, argv) int argc; char *argv[];
#else
int main(int argc, char *argv[])
#endif
{
  int require = 0;
  require += info_little[argc];
  require += info_big[argc];
  (void)argv;
  return require;
}


Determining if the include file /usr/include/libpng/png.h exists passed with the following output:
Change Dir: /home/pi/opencv/opencv-4.1.2/build/CMakeFiles/CMakeTmp

Run Build Command:"/usr/bin/make" "cmTC_3c07e/fast"
/usr/bin/make -f CMakeFiles/cmTC_3c07e.dir/build.make CMakeFiles/cmTC_3c07e.dir/build
make[1]: 디렉터리 '/home/pi/opencv/opencv-4.1.2/build/CMakeFiles/CMakeTmp' 들어감
Building C object CMakeFiles/cmTC_3c07e.dir/CheckIncludeFile.c.o
/usr/bin/cc   -fsigned-char -W -Wall -Werror=return-type -Werror=non-virtual-dtor -Werror=address -Werror=sequence-point -Wformat -Werror=format-security -Wmissing-declarations -Wmissing-prototypes -Wstrict-prototypes -Wundef -Winit-self -Wpointer-arith -Wshadow -Wuninitialized -Winit-self -Wno-comment -Wimplicit-fallthrough=3 -Wno-strict-overflow -fdiagnostics-show-option -pthread -fomit-frame-pointer -ffunction-sections -fdata-sections  -fvisibility=hidden  -fPIE   -o CMakeFiles/cmTC_3c07e.dir/CheckIncludeFile.c.o   -c /home/pi/opencv/opencv-4.1.2/build/CMakeFiles/CMakeTmp/CheckIncludeFile.c
Linking C executable cmTC_3c07e
/usr/bin/cmake -E cmake_link_script CMakeFiles/cmTC_3c07e.dir/link.txt --verbose=1
/usr/bin/cc    -fsigned-char -W -Wall -Werror=return-type -Werror=non-virtual-dtor -Werror=address -Werror=sequence-point -Wformat -Werror=format-security -Wmissing-declarations -Wmissing-prototypes -Wstrict-prototypes -Wundef -Winit-self -Wpointer-arith -Wshadow -Wuninitialized -Winit-self -Wno-comment -Wimplicit-fallthrough=3 -Wno-strict-overflow -fdiagnostics-show-option -pthread -fomit-frame-pointer -ffunction-sections -fdata-sections  -fvisibility=hidden     -Wl,--gc-sections  CMakeFiles/cmTC_3c07e.dir/CheckIncludeFile.c.o  -o cmTC_3c07e -latomic 
make[1]: 디렉터리 '/home/pi/opencv/opencv-4.1.2/build/CMakeFiles/CMakeTmp' 나감


Determining if the include file semaphore.h exists passed with the following output:
Change Dir: /home/pi/opencv/opencv-4.1.2/build/CMakeFiles/CMakeTmp

Run Build Command:"/usr/bin/make" "cmTC_c5de9/fast"
/usr/bin/make -f CMakeFiles/cmTC_c5de9.dir/build.make CMakeFiles/cmTC_c5de9.dir/build
make[1]: 디렉터리 '/home/pi/opencv/opencv-4.1.2/build/CMakeFiles/CMakeTmp' 들어감
Building C object CMakeFiles/cmTC_c5de9.dir/CheckIncludeFile.c.o
/usr/bin/cc   -fsigned-char -W -Wall -Werror=return-type -Werror=non-virtual-dtor -Werror=address -Werror=sequence-point -Wformat -Werror=format-security -Wmissing-declarations -Wmissing-prototypes -Wstrict-prototypes -Wundef -Winit-self -Wpointer-arith -Wshadow -Wuninitialized -Winit-self -Wno-comment -Wimplicit-fallthrough=3 -Wno-strict-overflow -fdiagnostics-show-option -pthread -fomit-frame-pointer -ffunction-sections -fdata-sections  -fvisibility=hidden  -fPIE   -o CMakeFiles/cmTC_c5de9.dir/CheckIncludeFile.c.o   -c /home/pi/opencv/opencv-4.1.2/build/CMakeFiles/CMakeTmp/CheckIncludeFile.c
Linking C executable cmTC_c5de9
/usr/bin/cmake -E cmake_link_script CMakeFiles/cmTC_c5de9.dir/link.txt --verbose=1
/usr/bin/cc    -fsigned-char -W -Wall -Werror=return-type -Werror=non-virtual-dtor -Werror=address -Werror=sequence-point -Wformat -Werror=format-security -Wmissing-declarations -Wmissing-prototypes -Wstrict-prototypes -Wundef -Winit-self -Wpointer-arith -Wshadow -Wuninitialized -Winit-self -Wno-comment -Wimplicit-fallthrough=3 -Wno-strict-overflow -fdiagnostics-show-option -pthread -fomit-frame-pointer -ffunction-sections -fdata-sections  -fvisibility=hidden     -Wl,--gc-sections  CMakeFiles/cmTC_c5de9.dir/CheckIncludeFile.c.o  -o cmTC_c5de9 -latomic 
make[1]: 디렉터리 '/home/pi/opencv/opencv-4.1.2/build/CMakeFiles/CMakeTmp' 나감


Determining if the include file pthread.h exists passed with the following output:
Change Dir: /home/pi/opencv/opencv-4.1.2/build/CMakeFiles/CMakeTmp

Run Build Command:"/usr/bin/make" "cmTC_d7e7e/fast"
/usr/bin/make -f CMakeFiles/cmTC_d7e7e.dir/build.make CMakeFiles/cmTC_d7e7e.dir/build
make[1]: 디렉터리 '/home/pi/opencv/opencv-4.1.2/build/CMakeFiles/CMakeTmp' 들어감
Building C object CMakeFiles/cmTC_d7e7e.dir/CheckIncludeFile.c.o
/usr/bin/cc   -fsigned-char -W -Wall -Werror=return-type -Werror=non-virtual-dtor -Werror=address -Werror=sequence-point -Wformat -Werror=format-security -Wmissing-declarations -Wmissing-prototypes -Wstrict-prototypes -Wundef -Winit-self -Wpointer-arith -Wshadow -Wuninitialized -Winit-self -Wno-comment -Wimplicit-fallthrough=3 -Wno-strict-overflow -fdiagnostics-show-option -pthread -fomit-frame-pointer -ffunction-sections -fdata-sections  -fvisibility=hidden  -fPIE   -o CMakeFiles/cmTC_d7e7e.dir/CheckIncludeFile.c.o   -c /home/pi/opencv/opencv-4.1.2/build/CMakeFiles/CMakeTmp/CheckIncludeFile.c
Linking C executable cmTC_d7e7e
/usr/bin/cmake -E cmake_link_script CMakeFiles/cmTC_d7e7e.dir/link.txt --verbose=1
/usr/bin/cc    -fsigned-char -W -Wall -Werror=return-type -Werror=non-virtual-dtor -Werror=address -Werror=sequence-point -Wformat -Werror=format-security -Wmissing-declarations -Wmissing-prototypes -Wstrict-prototypes -Wundef -Winit-self -Wpointer-arith -Wshadow -Wuninitialized -Winit-self -Wno-comment -Wimplicit-fallthrough=3 -Wno-strict-overflow -fdiagnostics-show-option -pthread -fomit-frame-pointer -ffunction-sections -fdata-sections  -fvisibility=hidden     -Wl,--gc-sections  CMakeFiles/cmTC_d7e7e.dir/CheckIncludeFile.c.o  -o cmTC_d7e7e 
make[1]: 디렉터리 '/home/pi/opencv/opencv-4.1.2/build/CMakeFiles/CMakeTmp' 나감


Determining if the pthread_create exist passed with the following output:
Change Dir: /home/pi/opencv/opencv-4.1.2/build/CMakeFiles/CMakeTmp

Run Build Command:"/usr/bin/make" "cmTC_e606d/fast"
/usr/bin/make -f CMakeFiles/cmTC_e606d.dir/build.make CMakeFiles/cmTC_e606d.dir/build
make[1]: 디렉터리 '/home/pi/opencv/opencv-4.1.2/build/CMakeFiles/CMakeTmp' 들어감
Building C object CMakeFiles/cmTC_e606d.dir/CheckSymbolExists.c.o
/usr/bin/cc   -fsigned-char -W -Wall -Werror=return-type -Werror=non-virtual-dtor -Werror=address -Werror=sequence-point -Wformat -Werror=format-security -Wmissing-declarations -Wmissing-prototypes -Wstrict-prototypes -Wundef -Winit-self -Wpointer-arith -Wshadow -Wuninitialized -Winit-self -Wno-comment -Wimplicit-fallthrough=3 -Wno-strict-overflow -fdiagnostics-show-option -pthread -fomit-frame-pointer -ffunction-sections -fdata-sections  -fvisibility=hidden  -fPIE   -o CMakeFiles/cmTC_e606d.dir/CheckSymbolExists.c.o   -c /home/pi/opencv/opencv-4.1.2/build/CMakeFiles/CMakeTmp/CheckSymbolExists.c
Linking C executable cmTC_e606d
/usr/bin/cmake -E cmake_link_script CMakeFiles/cmTC_e606d.dir/link.txt --verbose=1
/usr/bin/cc    -fsigned-char -W -Wall -Werror=return-type -Werror=non-virtual-dtor -Werror=address -Werror=sequence-point -Wformat -Werror=format-security -Wmissing-declarations -Wmissing-prototypes -Wstrict-prototypes -Wundef -Winit-self -Wpointer-arith -Wshadow -Wuninitialized -Winit-self -Wno-comment -Wimplicit-fallthrough=3 -Wno-strict-overflow -fdiagnostics-show-option -pthread -fomit-frame-pointer -ffunction-sections -fdata-sections  -fvisibility=hidden     -Wl,--gc-sections  CMakeFiles/cmTC_e606d.dir/CheckSymbolExists.c.o  -o cmTC_e606d 
make[1]: 디렉터리 '/home/pi/opencv/opencv-4.1.2/build/CMakeFiles/CMakeTmp' 나감

File /home/pi/opencv/opencv-4.1.2/build/CMakeFiles/CMakeTmp/CheckSymbolExists.c:
/* */
#include <pthread.h>

int main(int argc, char** argv)
{
  (void)argv;
#ifndef pthread_create
  return ((int*)(&pthread_create))[argc];
#else
  (void)argc;
  return 0;
#endif
}

Determining if the function dgemm_ exists passed with the following output:
Change Dir: /home/pi/opencv/opencv-4.1.2/build/CMakeFiles/CMakeTmp

Run Build Command:"/usr/bin/make" "cmTC_9484a/fast"
/usr/bin/make -f CMakeFiles/cmTC_9484a.dir/build.make CMakeFiles/cmTC_9484a.dir/build
make[1]: 디렉터리 '/home/pi/opencv/opencv-4.1.2/build/CMakeFiles/CMakeTmp' 들어감
Building C object CMakeFiles/cmTC_9484a.dir/CheckFunctionExists.c.o
/usr/bin/cc   -fsigned-char -W -Wall -Werror=return-type -Werror=non-virtual-dtor -Werror=address -Werror=sequence-point -Wformat -Werror=format-security -Wmissing-declarations -Wmissing-prototypes -Wstrict-prototypes -Wundef -Winit-self -Wpointer-arith -Wshadow -Wuninitialized -Winit-self -Wno-comment -Wimplicit-fallthrough=3 -Wno-strict-overflow -fdiagnostics-show-option -pthread -fomit-frame-pointer -ffunction-sections -fdata-sections  -fvisibility=hidden -DCHECK_FUNCTION_EXISTS=dgemm_ -fPIE   -o CMakeFiles/cmTC_9484a.dir/CheckFunctionExists.c.o   -c /usr/share/cmake-3.13/Modules/CheckFunctionExists.c
Linking C executable cmTC_9484a
/usr/bin/cmake -E cmake_link_script CMakeFiles/cmTC_9484a.dir/link.txt --verbose=1
/usr/bin/cc    -fsigned-char -W -Wall -Werror=return-type -Werror=non-virtual-dtor -Werror=address -Werror=sequence-point -Wformat -Werror=format-security -Wmissing-declarations -Wmissing-prototypes -Wstrict-prototypes -Wundef -Winit-self -Wpointer-arith -Wshadow -Wuninitialized -Winit-self -Wno-comment -Wimplicit-fallthrough=3 -Wno-strict-overflow -fdiagnostics-show-option -pthread -fomit-frame-pointer -ffunction-sections -fdata-sections  -fvisibility=hidden -DCHECK_FUNCTION_EXISTS=dgemm_    -Wl,--gc-sections  CMakeFiles/cmTC_9484a.dir/CheckFunctionExists.c.o  -o cmTC_9484a /usr/lib/arm-linux-gnueabihf/libf77blas.so /usr/lib/arm-linux-gnueabihf/libatlas.so 
make[1]: 디렉터리 '/home/pi/opencv/opencv-4.1.2/build/CMakeFiles/CMakeTmp' 나감


Determining if the function cheev_ exists passed with the following output:
Change Dir: /home/pi/opencv/opencv-4.1.2/build/CMakeFiles/CMakeTmp

Run Build Command:"/usr/bin/make" "cmTC_1b493/fast"
/usr/bin/make -f CMakeFiles/cmTC_1b493.dir/build.make CMakeFiles/cmTC_1b493.dir/build
make[1]: 디렉터리 '/home/pi/opencv/opencv-4.1.2/build/CMakeFiles/CMakeTmp' 들어감
Building C object CMakeFiles/cmTC_1b493.dir/CheckFunctionExists.c.o
/usr/bin/cc   -fsigned-char -W -Wall -Werror=return-type -Werror=non-virtual-dtor -Werror=address -Werror=sequence-point -Wformat -Werror=format-security -Wmissing-declarations -Wmissing-prototypes -Wstrict-prototypes -Wundef -Winit-self -Wpointer-arith -Wshadow -Wuninitialized -Winit-self -Wno-comment -Wimplicit-fallthrough=3 -Wno-strict-overflow -fdiagnostics-show-option -pthread -fomit-frame-pointer -ffunction-sections -fdata-sections  -fvisibility=hidden -DCHECK_FUNCTION_EXISTS=cheev_ -fPIE   -o CMakeFiles/cmTC_1b493.dir/CheckFunctionExists.c.o   -c /usr/share/cmake-3.13/Modules/CheckFunctionExists.c
Linking C executable cmTC_1b493
/usr/bin/cmake -E cmake_link_script CMakeFiles/cmTC_1b493.dir/link.txt --verbose=1
/usr/bin/cc    -fsigned-char -W -Wall -Werror=return-type -Werror=non-virtual-dtor -Werror=address -Werror=sequence-point -Wformat -Werror=format-security -Wmissing-declarations -Wmissing-prototypes -Wstrict-prototypes -Wundef -Winit-self -Wpointer-arith -Wshadow -Wuninitialized -Winit-self -Wno-comment -Wimplicit-fallthrough=3 -Wno-strict-overflow -fdiagnostics-show-option -pthread -fomit-frame-pointer -ffunction-sections -fdata-sections  -fvisibility=hidden -DCHECK_FUNCTION_EXISTS=cheev_    -Wl,--gc-sections  CMakeFiles/cmTC_1b493.dir/CheckFunctionExists.c.o  -o cmTC_1b493 /usr/lib/arm-linux-gnueabihf/liblapack.so /usr/lib/arm-linux-gnueabihf/libf77blas.so /usr/lib/arm-linux-gnueabihf/libatlas.so 
make[1]: 디렉터리 '/home/pi/opencv/opencv-4.1.2/build/CMakeFiles/CMakeTmp' 나감


Performing C++ SOURCE FILE Test CXX_HAS_MFPU_NEON succeeded with the following output:
Change Dir: /home/pi/opencv/opencv-4.1.2/build/CMakeFiles/CMakeTmp

Run Build Command:"/usr/bin/make" "cmTC_8b34f/fast"
/usr/bin/make -f CMakeFiles/cmTC_8b34f.dir/build.make CMakeFiles/cmTC_8b34f.dir/build
make[1]: Entering directory '/home/pi/opencv/opencv-4.1.2/build/CMakeFiles/CMakeTmp'
Building CXX object CMakeFiles/cmTC_8b34f.dir/src.cxx.o
/usr/bin/c++    -fsigned-char -W -Wall -Werror=return-type -Werror=non-virtual-dtor -Werror=address -Werror=sequence-point -Wformat -Werror=format-security -Wmissing-declarations -Wundef -Winit-self -Wpointer-arith -Wshadow -Wsign-promo -Wuninitialized -Winit-self -Wsuggest-override -Wno-delete-non-virtual-dtor -Wno-comment -Wimplicit-fallthrough=3 -Wno-strict-overflow -fdiagnostics-show-option -pthread -fomit-frame-pointer -ffunction-sections -fdata-sections  -fvisibility=hidden -fvisibility-inlines-hidden -Wno-unused-function -funwind-tables -fweb -fwrapv -frename-registers -fsched2-use-superblocks -fsched2-use-traces -fsched-stalled-insns-dep=100 -fsched-stalled-insns=2 -DCXX_HAS_MFPU_NEON -fPIE   -mfpu=neon -o CMakeFiles/cmTC_8b34f.dir/src.cxx.o -c /home/pi/opencv/opencv-4.1.2/build/CMakeFiles/CMakeTmp/src.cxx
Linking CXX executable cmTC_8b34f
/usr/bin/cmake -E cmake_link_script CMakeFiles/cmTC_8b34f.dir/link.txt --verbose=1
/usr/bin/c++     -fsigned-char -W -Wall -Werror=return-type -Werror=non-virtual-dtor -Werror=address -Werror=sequence-point -Wformat -Werror=format-security -Wmissing-declarations -Wundef -Winit-self -Wpointer-arith -Wshadow -Wsign-promo -Wuninitialized -Winit-self -Wsuggest-override -Wno-delete-non-virtual-dtor -Wno-comment -Wimplicit-fallthrough=3 -Wno-strict-overflow -fdiagnostics-show-option -pthread -fomit-frame-pointer -ffunction-sections -fdata-sections  -fvisibility=hidden -fvisibility-inlines-hidden -Wno-unused-function -funwind-tables -fweb -fwrapv -frename-registers -fsched2-use-superblocks -fsched2-use-traces -fsched-stalled-insns-dep=100 -fsched-stalled-insns=2 -DCXX_HAS_MFPU_NEON    -rdynamic CMakeFiles/cmTC_8b34f.dir/src.cxx.o  -o cmTC_8b34f -latomic 
make[1]: Leaving directory '/home/pi/opencv/opencv-4.1.2/build/CMakeFiles/CMakeTmp'

Source file was:
int main() { return 0; }
Performing C SOURCE FILE Test C_HAS_MFPU_NEON succeeded with the following output:
Change Dir: /home/pi/opencv/opencv-4.1.2/build/CMakeFiles/CMakeTmp

Run Build Command:"/usr/bin/make" "cmTC_346f0/fast"
/usr/bin/make -f CMakeFiles/cmTC_346f0.dir/build.make CMakeFiles/cmTC_346f0.dir/build
make[1]: Entering directory '/home/pi/opencv/opencv-4.1.2/build/CMakeFiles/CMakeTmp'
Building C object CMakeFiles/cmTC_346f0.dir/src.c.o
/usr/bin/cc   -fsigned-char -W -Wall -Werror=return-type -Werror=non-virtual-dtor -Werror=address -Werror=sequence-point -Wformat -Werror=format-security -Wmissing-declarations -Wmissing-prototypes -Wstrict-prototypes -Wundef -Winit-self -Wpointer-arith -Wshadow -Wuninitialized -Winit-self -Wno-comment -Wimplicit-fallthrough=3 -Wno-strict-overflow -fdiagnostics-show-option -pthread -fomit-frame-pointer -ffunction-sections -fdata-sections  -fvisibility=hidden -funwind-tables -fweb -fwrapv -frename-registers -fsched2-use-superblocks -fsched2-use-traces -fsched-stalled-insns-dep=100 -fsched-stalled-insns=2 -DC_HAS_MFPU_NEON -fPIE   -mfpu=neon -o CMakeFiles/cmTC_346f0.dir/src.c.o   -c /home/pi/opencv/opencv-4.1.2/build/CMakeFiles/CMakeTmp/src.c
Linking C executable cmTC_346f0
/usr/bin/cmake -E cmake_link_script CMakeFiles/cmTC_346f0.dir/link.txt --verbose=1
/usr/bin/cc    -fsigned-char -W -Wall -Werror=return-type -Werror=non-virtual-dtor -Werror=address -Werror=sequence-point -Wformat -Werror=format-security -Wmissing-declarations -Wmissing-prototypes -Wstrict-prototypes -Wundef -Winit-self -Wpointer-arith -Wshadow -Wuninitialized -Winit-self -Wno-comment -Wimplicit-fallthrough=3 -Wno-strict-overflow -fdiagnostics-show-option -pthread -fomit-frame-pointer -ffunction-sections -fdata-sections  -fvisibility=hidden -funwind-tables -fweb -fwrapv -frename-registers -fsched2-use-superblocks -fsched2-use-traces -fsched-stalled-insns-dep=100 -fsched-stalled-insns=2 -DC_HAS_MFPU_NEON    -rdynamic CMakeFiles/cmTC_346f0.dir/src.c.o  -o cmTC_346f0 -latomic 
make[1]: Leaving directory '/home/pi/opencv/opencv-4.1.2/build/CMakeFiles/CMakeTmp'

Source file was:
int main(void) { return 0; }
Determining if the function dlerror exists in the dl passed with the following output:
Change Dir: /home/pi/opencv/opencv-4.1.2/build/CMakeFiles/CMakeTmp

Run Build Command:"/usr/bin/make" "cmTC_b4d5a/fast"
/usr/bin/make -f CMakeFiles/cmTC_b4d5a.dir/build.make CMakeFiles/cmTC_b4d5a.dir/build
make[1]: 디렉터리 '/home/pi/opencv/opencv-4.1.2/build/CMakeFiles/CMakeTmp' 들어감
Building C object CMakeFiles/cmTC_b4d5a.dir/CheckFunctionExists.c.o
/usr/bin/cc   -fsigned-char -W -Wall -Werror=return-type -Werror=non-virtual-dtor -Werror=address -Werror=sequence-point -Wformat -Werror=format-security -Wmissing-declarations -Wmissing-prototypes -Wstrict-prototypes -Wundef -Winit-self -Wpointer-arith -Wshadow -Wuninitialized -Winit-self -Wno-comment -Wimplicit-fallthrough=3 -Wno-strict-overflow -fdiagnostics-show-option -pthread -fomit-frame-pointer -ffunction-sections -fdata-sections  -fvisibility=hidden -DCHECK_FUNCTION_EXISTS=dlerror -fPIE   -o CMakeFiles/cmTC_b4d5a.dir/CheckFunctionExists.c.o   -c /usr/share/cmake-3.13/Modules/CheckFunctionExists.c
Linking C executable cmTC_b4d5a
/usr/bin/cmake -E cmake_link_script CMakeFiles/cmTC_b4d5a.dir/link.txt --verbose=1
/usr/bin/cc    -fsigned-char -W -Wall -Werror=return-type -Werror=non-virtual-dtor -Werror=address -Werror=sequence-point -Wformat -Werror=format-security -Wmissing-declarations -Wmissing-prototypes -Wstrict-prototypes -Wundef -Winit-self -Wpointer-arith -Wshadow -Wuninitialized -Winit-self -Wno-comment -Wimplicit-fallthrough=3 -Wno-strict-overflow -fdiagnostics-show-option -pthread -fomit-frame-pointer -ffunction-sections -fdata-sections  -fvisibility=hidden -DCHECK_FUNCTION_EXISTS=dlerror    -Wl,--gc-sections  CMakeFiles/cmTC_b4d5a.dir/CheckFunctionExists.c.o  -o cmTC_b4d5a -ldl -latomic 
make[1]: 디렉터리 '/home/pi/opencv/opencv-4.1.2/build/CMakeFiles/CMakeTmp' 나감


Determining if the include file linux/videodev2.h exists passed with the following output:
Change Dir: /home/pi/opencv/opencv-4.1.2/build/CMakeFiles/CMakeTmp

Run Build Command:"/usr/bin/make" "cmTC_93c05/fast"
/usr/bin/make -f CMakeFiles/cmTC_93c05.dir/build.make CMakeFiles/cmTC_93c05.dir/build
make[1]: 디렉터리 '/home/pi/opencv/opencv-4.1.2/build/CMakeFiles/CMakeTmp' 들어감
Building C object CMakeFiles/cmTC_93c05.dir/CheckIncludeFile.c.o
/usr/bin/cc   -fsigned-char -W -Wall -Werror=return-type -Werror=non-virtual-dtor -Werror=address -Werror=sequence-point -Wformat -Werror=format-security -Wmissing-declarations -Wmissing-prototypes -Wstrict-prototypes -Wundef -Winit-self -Wpointer-arith -Wshadow -Wuninitialized -Winit-self -Wno-comment -Wimplicit-fallthrough=3 -Wno-strict-overflow -fdiagnostics-show-option -pthread -fomit-frame-pointer -ffunction-sections -fdata-sections  -fvisibility=hidden  -fPIE   -o CMakeFiles/cmTC_93c05.dir/CheckIncludeFile.c.o   -c /home/pi/opencv/opencv-4.1.2/build/CMakeFiles/CMakeTmp/CheckIncludeFile.c
Linking C executable cmTC_93c05
/usr/bin/cmake -E cmake_link_script CMakeFiles/cmTC_93c05.dir/link.txt --verbose=1
/usr/bin/cc    -fsigned-char -W -Wall -Werror=return-type -Werror=non-virtual-dtor -Werror=address -Werror=sequence-point -Wformat -Werror=format-security -Wmissing-declarations -Wmissing-prototypes -Wstrict-prototypes -Wundef -Winit-self -Wpointer-arith -Wshadow -Wuninitialized -Winit-self -Wno-comment -Wimplicit-fallthrough=3 -Wno-strict-overflow -fdiagnostics-show-option -pthread -fomit-frame-pointer -ffunction-sections -fdata-sections  -fvisibility=hidden     -Wl,--gc-sections  CMakeFiles/cmTC_93c05.dir/CheckIncludeFile.c.o  -o cmTC_93c05 -latomic 
make[1]: 디렉터리 '/home/pi/opencv/opencv-4.1.2/build/CMakeFiles/CMakeTmp' 나감


